2019-10-14 13:34:10,402 - INFO - allennlp.common.params - random_seed = 13370
2019-10-14 13:34:10,402 - INFO - allennlp.common.params - numpy_seed = 42
2019-10-14 13:34:10,402 - INFO - allennlp.common.params - pytorch_seed = 1337
2019-10-14 13:34:10,488 - INFO - allennlp.common.checks - Pytorch version: 1.1.0
2019-10-14 13:34:10,491 - INFO - allennlp.common.params - evaluate_on_test = False
2019-10-14 13:34:10,491 - INFO - allennlp.common.params - validation_dataset_reader = None
2019-10-14 13:34:10,491 - INFO - allennlp.common.from_params - instantiating class <class 'allennlp.data.dataset_readers.dataset_reader.DatasetReader'> from params {'exp_search': 'template', 'extra_numbers': [100, 1], 'token_indexers': {'tokens': {'pretrained_model': 'bert-base-uncased', 'type': 'bert-drop'}}, 'tokenizer': {'pretrained_model': 'bert-base-uncased', 'type': 'bert-drop'}, 'type': 'bert-drop'} and extras set()
2019-10-14 13:34:10,492 - INFO - allennlp.common.params - dataset_reader.type = bert-drop
2019-10-14 13:34:10,492 - INFO - allennlp.common.from_params - instantiating class <class 'nabert.drop_reader.BertDropReader'> from params {'exp_search': 'template', 'extra_numbers': [100, 1], 'token_indexers': {'tokens': {'pretrained_model': 'bert-base-uncased', 'type': 'bert-drop'}}, 'tokenizer': {'pretrained_model': 'bert-base-uncased', 'type': 'bert-drop'}} and extras set()
2019-10-14 13:34:10,492 - INFO - allennlp.common.from_params - instantiating class <class 'allennlp.data.tokenizers.tokenizer.Tokenizer'> from params {'pretrained_model': 'bert-base-uncased', 'type': 'bert-drop'} and extras set()
2019-10-14 13:34:10,493 - INFO - allennlp.common.params - dataset_reader.tokenizer.type = bert-drop
2019-10-14 13:34:10,493 - INFO - allennlp.common.from_params - instantiating class <class 'nabert.drop_reader.BertDropTokenizer'> from params {'pretrained_model': 'bert-base-uncased'} and extras set()
2019-10-14 13:34:10,493 - INFO - allennlp.common.params - dataset_reader.tokenizer.pretrained_model = bert-base-uncased
2019-10-14 13:34:10,806 - INFO - pytorch_pretrained_bert.tokenization - loading vocabulary file https://s3.amazonaws.com/models.huggingface.co/bert/bert-base-uncased-vocab.txt from cache at /home/tony/.pytorch_pretrained_bert/26bc1ad6c0ac742e9b52263248f6d0f00068293b33709fae12320c0e35ccfbbb.542ce4285a40d23a559526243235df47c5f75c197f04f37d1a0c124c32c9a084
2019-10-14 13:34:10,846 - INFO - allennlp.common.from_params - instantiating class allennlp.data.token_indexers.token_indexer.TokenIndexer from params {'pretrained_model': 'bert-base-uncased', 'type': 'bert-drop'} and extras set()
2019-10-14 13:34:10,846 - INFO - allennlp.common.params - dataset_reader.token_indexers.tokens.type = bert-drop
2019-10-14 13:34:10,847 - INFO - allennlp.common.from_params - instantiating class nabert.drop_reader.BertDropTokenIndexer from params {'pretrained_model': 'bert-base-uncased'} and extras set()
2019-10-14 13:34:10,847 - INFO - allennlp.common.params - dataset_reader.token_indexers.tokens.pretrained_model = bert-base-uncased
2019-10-14 13:34:10,847 - INFO - allennlp.common.params - dataset_reader.token_indexers.tokens.max_pieces = 512
2019-10-14 13:34:11,138 - INFO - pytorch_pretrained_bert.tokenization - loading vocabulary file https://s3.amazonaws.com/models.huggingface.co/bert/bert-base-uncased-vocab.txt from cache at /home/tony/.pytorch_pretrained_bert/26bc1ad6c0ac742e9b52263248f6d0f00068293b33709fae12320c0e35ccfbbb.542ce4285a40d23a559526243235df47c5f75c197f04f37d1a0c124c32c9a084
2019-10-14 13:34:11,180 - INFO - allennlp.common.params - dataset_reader.lazy = False
2019-10-14 13:34:11,181 - INFO - allennlp.common.params - dataset_reader.max_pieces = 512
2019-10-14 13:34:11,181 - INFO - allennlp.common.params - dataset_reader.max_count = 10
2019-10-14 13:34:11,181 - INFO - allennlp.common.params - dataset_reader.max_spans = 10
2019-10-14 13:34:11,181 - INFO - allennlp.common.params - dataset_reader.max_numbers_expression = 2
2019-10-14 13:34:11,181 - INFO - allennlp.common.params - dataset_reader.answer_type = None
2019-10-14 13:34:11,181 - INFO - allennlp.common.params - dataset_reader.use_validated = True
2019-10-14 13:34:11,181 - INFO - allennlp.common.params - dataset_reader.wordpiece_numbers = True
2019-10-14 13:34:11,181 - INFO - allennlp.common.params - dataset_reader.custom_word_to_num = True
2019-10-14 13:34:11,181 - INFO - allennlp.common.params - dataset_reader.exp_search = template
2019-10-14 13:34:11,181 - INFO - allennlp.common.params - dataset_reader.max_depth = 3
2019-10-14 13:34:11,181 - INFO - allennlp.common.params - dataset_reader.extra_numbers = [100, 1]
2019-10-14 13:34:11,268 - INFO - allennlp.common.params - train_data_path = raw_data/drop/drop_dataset_train.json
2019-10-14 13:34:11,268 - INFO - allennlp.training.util - Reading training data from raw_data/drop/drop_dataset_train.json
2019-10-14 13:53:08,746 - INFO - allennlp.common.params - validation_data_path = raw_data/drop/drop_dataset_dev.json
2019-10-14 13:53:08,746 - INFO - allennlp.training.util - Reading validation data from raw_data/drop/drop_dataset_dev.json
2019-10-14 13:55:23,355 - INFO - allennlp.common.params - test_data_path = None
2019-10-14 13:55:23,357 - INFO - allennlp.common.params - datasets_for_vocab_creation = []
2019-10-14 13:55:23,357 - INFO - allennlp.training.trainer_pieces - From dataset instances,  will be considered for vocabulary creation.
2019-10-14 13:55:23,357 - INFO - allennlp.common.params - vocabulary.type = None
2019-10-14 13:55:23,357 - INFO - allennlp.common.params - vocabulary.extend = False
2019-10-14 13:55:23,357 - INFO - allennlp.common.params - vocabulary.directory_path = None
2019-10-14 13:55:23,357 - INFO - allennlp.common.params - vocabulary.min_count = None
2019-10-14 13:55:23,357 - INFO - allennlp.common.params - vocabulary.max_vocab_size = None
2019-10-14 13:55:23,357 - INFO - allennlp.common.params - vocabulary.non_padded_namespaces = ('*tags', '*labels')
2019-10-14 13:55:23,357 - INFO - allennlp.common.params - vocabulary.pretrained_files = {}
2019-10-14 13:55:23,357 - INFO - allennlp.common.params - vocabulary.min_pretrained_embeddings = None
2019-10-14 13:55:23,357 - INFO - allennlp.common.params - vocabulary.only_include_pretrained_words = False
2019-10-14 13:55:23,357 - INFO - allennlp.common.params - vocabulary.tokens_to_add = None
2019-10-14 13:55:23,357 - INFO - allennlp.data.vocabulary - Fitting token dictionary from dataset.
2019-10-14 13:55:23,358 - INFO - allennlp.common.from_params - instantiating class <class 'allennlp.models.model.Model'> from params {'bert_pretrained_model': 'bert-base-uncased', 'dropout_prob': 0.1, 'special_numbers': [100, 1], 'type': 'nabert+T'} and extras {'vocab'}
2019-10-14 13:55:23,358 - INFO - allennlp.common.params - model.type = nabert+T
2019-10-14 13:55:23,358 - INFO - allennlp.common.from_params - instantiating class <class 'nabert.augmented_bert_templated.NumericallyAugmentedBERTT'> from params {'bert_pretrained_model': 'bert-base-uncased', 'dropout_prob': 0.1, 'special_numbers': [100, 1]} and extras {'vocab'}
2019-10-14 13:55:23,358 - INFO - allennlp.common.params - model.bert_pretrained_model = bert-base-uncased
2019-10-14 13:55:23,358 - INFO - allennlp.common.params - model.dropout_prob = 0.1
2019-10-14 13:55:23,358 - INFO - allennlp.common.params - model.max_count = 10
2019-10-14 13:55:23,358 - INFO - allennlp.common.params - model.answering_abilities = None
2019-10-14 13:55:23,358 - INFO - allennlp.common.params - model.number_rep = first
2019-10-14 13:55:23,358 - INFO - allennlp.common.params - model.special_numbers = [100, 1]
2019-10-14 13:55:23,665 - INFO - pytorch_pretrained_bert.modeling - loading archive file https://s3.amazonaws.com/models.huggingface.co/bert/bert-base-uncased.tar.gz from cache at /home/tony/.pytorch_pretrained_bert/9c41111e2de84547a463fd39217199738d1e3deb72d4fec4399e6e241983c6f0.ae3cef932725ca7a30cdcb93fc6e09150a55e2a130ec7af63975a16c153ae2ba
2019-10-14 13:55:23,666 - INFO - pytorch_pretrained_bert.modeling - extracting archive file /home/tony/.pytorch_pretrained_bert/9c41111e2de84547a463fd39217199738d1e3deb72d4fec4399e6e241983c6f0.ae3cef932725ca7a30cdcb93fc6e09150a55e2a130ec7af63975a16c153ae2ba to temp dir /tmp/tmpot75wam2
2019-10-14 13:55:26,043 - INFO - pytorch_pretrained_bert.modeling - Model config {
  "attention_probs_dropout_prob": 0.1,
  "hidden_act": "gelu",
  "hidden_dropout_prob": 0.1,
  "hidden_size": 768,
  "initializer_range": 0.02,
  "intermediate_size": 3072,
  "max_position_embeddings": 512,
  "num_attention_heads": 12,
  "num_hidden_layers": 12,
  "type_vocab_size": 2,
  "vocab_size": 30522
}

2019-10-14 13:55:27,520 - INFO - pytorch_pretrained_bert.tokenization - loading vocabulary file https://s3.amazonaws.com/models.huggingface.co/bert/bert-base-uncased-vocab.txt from cache at /home/tony/.pytorch_pretrained_bert/26bc1ad6c0ac742e9b52263248f6d0f00068293b33709fae12320c0e35ccfbbb.542ce4285a40d23a559526243235df47c5f75c197f04f37d1a0c124c32c9a084
2019-10-14 13:55:27,606 - INFO - allennlp.nn.initializers - Initializing parameters
2019-10-14 13:55:27,607 - INFO - allennlp.nn.initializers - Done initializing parameters; the following parameters are using their default initialization from their code
2019-10-14 13:55:27,607 - INFO - allennlp.nn.initializers -    BERT.embeddings.LayerNorm.bias
2019-10-14 13:55:27,607 - INFO - allennlp.nn.initializers -    BERT.embeddings.LayerNorm.weight
2019-10-14 13:55:27,608 - INFO - allennlp.nn.initializers -    BERT.embeddings.position_embeddings.weight
2019-10-14 13:55:27,608 - INFO - allennlp.nn.initializers -    BERT.embeddings.token_type_embeddings.weight
2019-10-14 13:55:27,608 - INFO - allennlp.nn.initializers -    BERT.embeddings.word_embeddings.weight
2019-10-14 13:55:27,608 - INFO - allennlp.nn.initializers -    BERT.encoder.layer.0.attention.output.LayerNorm.bias
2019-10-14 13:55:27,608 - INFO - allennlp.nn.initializers -    BERT.encoder.layer.0.attention.output.LayerNorm.weight
2019-10-14 13:55:27,608 - INFO - allennlp.nn.initializers -    BERT.encoder.layer.0.attention.output.dense.bias
2019-10-14 13:55:27,608 - INFO - allennlp.nn.initializers -    BERT.encoder.layer.0.attention.output.dense.weight
2019-10-14 13:55:27,608 - INFO - allennlp.nn.initializers -    BERT.encoder.layer.0.attention.self.key.bias
2019-10-14 13:55:27,608 - INFO - allennlp.nn.initializers -    BERT.encoder.layer.0.attention.self.key.weight
2019-10-14 13:55:27,608 - INFO - allennlp.nn.initializers -    BERT.encoder.layer.0.attention.self.query.bias
2019-10-14 13:55:27,608 - INFO - allennlp.nn.initializers -    BERT.encoder.layer.0.attention.self.query.weight
2019-10-14 13:55:27,608 - INFO - allennlp.nn.initializers -    BERT.encoder.layer.0.attention.self.value.bias
2019-10-14 13:55:27,608 - INFO - allennlp.nn.initializers -    BERT.encoder.layer.0.attention.self.value.weight
2019-10-14 13:55:27,608 - INFO - allennlp.nn.initializers -    BERT.encoder.layer.0.intermediate.dense.bias
2019-10-14 13:55:27,608 - INFO - allennlp.nn.initializers -    BERT.encoder.layer.0.intermediate.dense.weight
2019-10-14 13:55:27,608 - INFO - allennlp.nn.initializers -    BERT.encoder.layer.0.output.LayerNorm.bias
2019-10-14 13:55:27,608 - INFO - allennlp.nn.initializers -    BERT.encoder.layer.0.output.LayerNorm.weight
2019-10-14 13:55:27,608 - INFO - allennlp.nn.initializers -    BERT.encoder.layer.0.output.dense.bias
2019-10-14 13:55:27,608 - INFO - allennlp.nn.initializers -    BERT.encoder.layer.0.output.dense.weight
2019-10-14 13:55:27,608 - INFO - allennlp.nn.initializers -    BERT.encoder.layer.1.attention.output.LayerNorm.bias
2019-10-14 13:55:27,608 - INFO - allennlp.nn.initializers -    BERT.encoder.layer.1.attention.output.LayerNorm.weight
2019-10-14 13:55:27,608 - INFO - allennlp.nn.initializers -    BERT.encoder.layer.1.attention.output.dense.bias
2019-10-14 13:55:27,608 - INFO - allennlp.nn.initializers -    BERT.encoder.layer.1.attention.output.dense.weight
2019-10-14 13:55:27,608 - INFO - allennlp.nn.initializers -    BERT.encoder.layer.1.attention.self.key.bias
2019-10-14 13:55:27,608 - INFO - allennlp.nn.initializers -    BERT.encoder.layer.1.attention.self.key.weight
2019-10-14 13:55:27,608 - INFO - allennlp.nn.initializers -    BERT.encoder.layer.1.attention.self.query.bias
2019-10-14 13:55:27,608 - INFO - allennlp.nn.initializers -    BERT.encoder.layer.1.attention.self.query.weight
2019-10-14 13:55:27,608 - INFO - allennlp.nn.initializers -    BERT.encoder.layer.1.attention.self.value.bias
2019-10-14 13:55:27,608 - INFO - allennlp.nn.initializers -    BERT.encoder.layer.1.attention.self.value.weight
2019-10-14 13:55:27,608 - INFO - allennlp.nn.initializers -    BERT.encoder.layer.1.intermediate.dense.bias
2019-10-14 13:55:27,608 - INFO - allennlp.nn.initializers -    BERT.encoder.layer.1.intermediate.dense.weight
2019-10-14 13:55:27,608 - INFO - allennlp.nn.initializers -    BERT.encoder.layer.1.output.LayerNorm.bias
2019-10-14 13:55:27,608 - INFO - allennlp.nn.initializers -    BERT.encoder.layer.1.output.LayerNorm.weight
2019-10-14 13:55:27,608 - INFO - allennlp.nn.initializers -    BERT.encoder.layer.1.output.dense.bias
2019-10-14 13:55:27,608 - INFO - allennlp.nn.initializers -    BERT.encoder.layer.1.output.dense.weight
2019-10-14 13:55:27,608 - INFO - allennlp.nn.initializers -    BERT.encoder.layer.10.attention.output.LayerNorm.bias
2019-10-14 13:55:27,608 - INFO - allennlp.nn.initializers -    BERT.encoder.layer.10.attention.output.LayerNorm.weight
2019-10-14 13:55:27,608 - INFO - allennlp.nn.initializers -    BERT.encoder.layer.10.attention.output.dense.bias
2019-10-14 13:55:27,609 - INFO - allennlp.nn.initializers -    BERT.encoder.layer.10.attention.output.dense.weight
2019-10-14 13:55:27,609 - INFO - allennlp.nn.initializers -    BERT.encoder.layer.10.attention.self.key.bias
2019-10-14 13:55:27,609 - INFO - allennlp.nn.initializers -    BERT.encoder.layer.10.attention.self.key.weight
2019-10-14 13:55:27,609 - INFO - allennlp.nn.initializers -    BERT.encoder.layer.10.attention.self.query.bias
2019-10-14 13:55:27,609 - INFO - allennlp.nn.initializers -    BERT.encoder.layer.10.attention.self.query.weight
2019-10-14 13:55:27,609 - INFO - allennlp.nn.initializers -    BERT.encoder.layer.10.attention.self.value.bias
2019-10-14 13:55:27,609 - INFO - allennlp.nn.initializers -    BERT.encoder.layer.10.attention.self.value.weight
2019-10-14 13:55:27,609 - INFO - allennlp.nn.initializers -    BERT.encoder.layer.10.intermediate.dense.bias
2019-10-14 13:55:27,609 - INFO - allennlp.nn.initializers -    BERT.encoder.layer.10.intermediate.dense.weight
2019-10-14 13:55:27,609 - INFO - allennlp.nn.initializers -    BERT.encoder.layer.10.output.LayerNorm.bias
2019-10-14 13:55:27,609 - INFO - allennlp.nn.initializers -    BERT.encoder.layer.10.output.LayerNorm.weight
2019-10-14 13:55:27,609 - INFO - allennlp.nn.initializers -    BERT.encoder.layer.10.output.dense.bias
2019-10-14 13:55:27,609 - INFO - allennlp.nn.initializers -    BERT.encoder.layer.10.output.dense.weight
2019-10-14 13:55:27,609 - INFO - allennlp.nn.initializers -    BERT.encoder.layer.11.attention.output.LayerNorm.bias
2019-10-14 13:55:27,609 - INFO - allennlp.nn.initializers -    BERT.encoder.layer.11.attention.output.LayerNorm.weight
2019-10-14 13:55:27,609 - INFO - allennlp.nn.initializers -    BERT.encoder.layer.11.attention.output.dense.bias
2019-10-14 13:55:27,609 - INFO - allennlp.nn.initializers -    BERT.encoder.layer.11.attention.output.dense.weight
2019-10-14 13:55:27,609 - INFO - allennlp.nn.initializers -    BERT.encoder.layer.11.attention.self.key.bias
2019-10-14 13:55:27,609 - INFO - allennlp.nn.initializers -    BERT.encoder.layer.11.attention.self.key.weight
2019-10-14 13:55:27,609 - INFO - allennlp.nn.initializers -    BERT.encoder.layer.11.attention.self.query.bias
2019-10-14 13:55:27,609 - INFO - allennlp.nn.initializers -    BERT.encoder.layer.11.attention.self.query.weight
2019-10-14 13:55:27,609 - INFO - allennlp.nn.initializers -    BERT.encoder.layer.11.attention.self.value.bias
2019-10-14 13:55:27,609 - INFO - allennlp.nn.initializers -    BERT.encoder.layer.11.attention.self.value.weight
2019-10-14 13:55:27,609 - INFO - allennlp.nn.initializers -    BERT.encoder.layer.11.intermediate.dense.bias
2019-10-14 13:55:27,609 - INFO - allennlp.nn.initializers -    BERT.encoder.layer.11.intermediate.dense.weight
2019-10-14 13:55:27,609 - INFO - allennlp.nn.initializers -    BERT.encoder.layer.11.output.LayerNorm.bias
2019-10-14 13:55:27,609 - INFO - allennlp.nn.initializers -    BERT.encoder.layer.11.output.LayerNorm.weight
2019-10-14 13:55:27,609 - INFO - allennlp.nn.initializers -    BERT.encoder.layer.11.output.dense.bias
2019-10-14 13:55:27,609 - INFO - allennlp.nn.initializers -    BERT.encoder.layer.11.output.dense.weight
2019-10-14 13:55:27,609 - INFO - allennlp.nn.initializers -    BERT.encoder.layer.2.attention.output.LayerNorm.bias
2019-10-14 13:55:27,609 - INFO - allennlp.nn.initializers -    BERT.encoder.layer.2.attention.output.LayerNorm.weight
2019-10-14 13:55:27,609 - INFO - allennlp.nn.initializers -    BERT.encoder.layer.2.attention.output.dense.bias
2019-10-14 13:55:27,609 - INFO - allennlp.nn.initializers -    BERT.encoder.layer.2.attention.output.dense.weight
2019-10-14 13:55:27,609 - INFO - allennlp.nn.initializers -    BERT.encoder.layer.2.attention.self.key.bias
2019-10-14 13:55:27,609 - INFO - allennlp.nn.initializers -    BERT.encoder.layer.2.attention.self.key.weight
2019-10-14 13:55:27,609 - INFO - allennlp.nn.initializers -    BERT.encoder.layer.2.attention.self.query.bias
2019-10-14 13:55:27,609 - INFO - allennlp.nn.initializers -    BERT.encoder.layer.2.attention.self.query.weight
2019-10-14 13:55:27,609 - INFO - allennlp.nn.initializers -    BERT.encoder.layer.2.attention.self.value.bias
2019-10-14 13:55:27,609 - INFO - allennlp.nn.initializers -    BERT.encoder.layer.2.attention.self.value.weight
2019-10-14 13:55:27,610 - INFO - allennlp.nn.initializers -    BERT.encoder.layer.2.intermediate.dense.bias
2019-10-14 13:55:27,610 - INFO - allennlp.nn.initializers -    BERT.encoder.layer.2.intermediate.dense.weight
2019-10-14 13:55:27,610 - INFO - allennlp.nn.initializers -    BERT.encoder.layer.2.output.LayerNorm.bias
2019-10-14 13:55:27,610 - INFO - allennlp.nn.initializers -    BERT.encoder.layer.2.output.LayerNorm.weight
2019-10-14 13:55:27,610 - INFO - allennlp.nn.initializers -    BERT.encoder.layer.2.output.dense.bias
2019-10-14 13:55:27,610 - INFO - allennlp.nn.initializers -    BERT.encoder.layer.2.output.dense.weight
2019-10-14 13:55:27,610 - INFO - allennlp.nn.initializers -    BERT.encoder.layer.3.attention.output.LayerNorm.bias
2019-10-14 13:55:27,610 - INFO - allennlp.nn.initializers -    BERT.encoder.layer.3.attention.output.LayerNorm.weight
2019-10-14 13:55:27,610 - INFO - allennlp.nn.initializers -    BERT.encoder.layer.3.attention.output.dense.bias
2019-10-14 13:55:27,610 - INFO - allennlp.nn.initializers -    BERT.encoder.layer.3.attention.output.dense.weight
2019-10-14 13:55:27,610 - INFO - allennlp.nn.initializers -    BERT.encoder.layer.3.attention.self.key.bias
2019-10-14 13:55:27,610 - INFO - allennlp.nn.initializers -    BERT.encoder.layer.3.attention.self.key.weight
2019-10-14 13:55:27,610 - INFO - allennlp.nn.initializers -    BERT.encoder.layer.3.attention.self.query.bias
2019-10-14 13:55:27,610 - INFO - allennlp.nn.initializers -    BERT.encoder.layer.3.attention.self.query.weight
2019-10-14 13:55:27,610 - INFO - allennlp.nn.initializers -    BERT.encoder.layer.3.attention.self.value.bias
2019-10-14 13:55:27,610 - INFO - allennlp.nn.initializers -    BERT.encoder.layer.3.attention.self.value.weight
2019-10-14 13:55:27,610 - INFO - allennlp.nn.initializers -    BERT.encoder.layer.3.intermediate.dense.bias
2019-10-14 13:55:27,610 - INFO - allennlp.nn.initializers -    BERT.encoder.layer.3.intermediate.dense.weight
2019-10-14 13:55:27,610 - INFO - allennlp.nn.initializers -    BERT.encoder.layer.3.output.LayerNorm.bias
2019-10-14 13:55:27,610 - INFO - allennlp.nn.initializers -    BERT.encoder.layer.3.output.LayerNorm.weight
2019-10-14 13:55:27,610 - INFO - allennlp.nn.initializers -    BERT.encoder.layer.3.output.dense.bias
2019-10-14 13:55:27,610 - INFO - allennlp.nn.initializers -    BERT.encoder.layer.3.output.dense.weight
2019-10-14 13:55:27,610 - INFO - allennlp.nn.initializers -    BERT.encoder.layer.4.attention.output.LayerNorm.bias
2019-10-14 13:55:27,610 - INFO - allennlp.nn.initializers -    BERT.encoder.layer.4.attention.output.LayerNorm.weight
2019-10-14 13:55:27,610 - INFO - allennlp.nn.initializers -    BERT.encoder.layer.4.attention.output.dense.bias
2019-10-14 13:55:27,610 - INFO - allennlp.nn.initializers -    BERT.encoder.layer.4.attention.output.dense.weight
2019-10-14 13:55:27,610 - INFO - allennlp.nn.initializers -    BERT.encoder.layer.4.attention.self.key.bias
2019-10-14 13:55:27,610 - INFO - allennlp.nn.initializers -    BERT.encoder.layer.4.attention.self.key.weight
2019-10-14 13:55:27,610 - INFO - allennlp.nn.initializers -    BERT.encoder.layer.4.attention.self.query.bias
2019-10-14 13:55:27,610 - INFO - allennlp.nn.initializers -    BERT.encoder.layer.4.attention.self.query.weight
2019-10-14 13:55:27,610 - INFO - allennlp.nn.initializers -    BERT.encoder.layer.4.attention.self.value.bias
2019-10-14 13:55:27,610 - INFO - allennlp.nn.initializers -    BERT.encoder.layer.4.attention.self.value.weight
2019-10-14 13:55:27,610 - INFO - allennlp.nn.initializers -    BERT.encoder.layer.4.intermediate.dense.bias
2019-10-14 13:55:27,610 - INFO - allennlp.nn.initializers -    BERT.encoder.layer.4.intermediate.dense.weight
2019-10-14 13:55:27,610 - INFO - allennlp.nn.initializers -    BERT.encoder.layer.4.output.LayerNorm.bias
2019-10-14 13:55:27,610 - INFO - allennlp.nn.initializers -    BERT.encoder.layer.4.output.LayerNorm.weight
2019-10-14 13:55:27,610 - INFO - allennlp.nn.initializers -    BERT.encoder.layer.4.output.dense.bias
2019-10-14 13:55:27,610 - INFO - allennlp.nn.initializers -    BERT.encoder.layer.4.output.dense.weight
2019-10-14 13:55:27,610 - INFO - allennlp.nn.initializers -    BERT.encoder.layer.5.attention.output.LayerNorm.bias
2019-10-14 13:55:27,610 - INFO - allennlp.nn.initializers -    BERT.encoder.layer.5.attention.output.LayerNorm.weight
2019-10-14 13:55:27,611 - INFO - allennlp.nn.initializers -    BERT.encoder.layer.5.attention.output.dense.bias
2019-10-14 13:55:27,611 - INFO - allennlp.nn.initializers -    BERT.encoder.layer.5.attention.output.dense.weight
2019-10-14 13:55:27,611 - INFO - allennlp.nn.initializers -    BERT.encoder.layer.5.attention.self.key.bias
2019-10-14 13:55:27,611 - INFO - allennlp.nn.initializers -    BERT.encoder.layer.5.attention.self.key.weight
2019-10-14 13:55:27,611 - INFO - allennlp.nn.initializers -    BERT.encoder.layer.5.attention.self.query.bias
2019-10-14 13:55:27,611 - INFO - allennlp.nn.initializers -    BERT.encoder.layer.5.attention.self.query.weight
2019-10-14 13:55:27,611 - INFO - allennlp.nn.initializers -    BERT.encoder.layer.5.attention.self.value.bias
2019-10-14 13:55:27,611 - INFO - allennlp.nn.initializers -    BERT.encoder.layer.5.attention.self.value.weight
2019-10-14 13:55:27,611 - INFO - allennlp.nn.initializers -    BERT.encoder.layer.5.intermediate.dense.bias
2019-10-14 13:55:27,611 - INFO - allennlp.nn.initializers -    BERT.encoder.layer.5.intermediate.dense.weight
2019-10-14 13:55:27,611 - INFO - allennlp.nn.initializers -    BERT.encoder.layer.5.output.LayerNorm.bias
2019-10-14 13:55:27,611 - INFO - allennlp.nn.initializers -    BERT.encoder.layer.5.output.LayerNorm.weight
2019-10-14 13:55:27,611 - INFO - allennlp.nn.initializers -    BERT.encoder.layer.5.output.dense.bias
2019-10-14 13:55:27,611 - INFO - allennlp.nn.initializers -    BERT.encoder.layer.5.output.dense.weight
2019-10-14 13:55:27,611 - INFO - allennlp.nn.initializers -    BERT.encoder.layer.6.attention.output.LayerNorm.bias
2019-10-14 13:55:27,611 - INFO - allennlp.nn.initializers -    BERT.encoder.layer.6.attention.output.LayerNorm.weight
2019-10-14 13:55:27,611 - INFO - allennlp.nn.initializers -    BERT.encoder.layer.6.attention.output.dense.bias
2019-10-14 13:55:27,611 - INFO - allennlp.nn.initializers -    BERT.encoder.layer.6.attention.output.dense.weight
2019-10-14 13:55:27,611 - INFO - allennlp.nn.initializers -    BERT.encoder.layer.6.attention.self.key.bias
2019-10-14 13:55:27,611 - INFO - allennlp.nn.initializers -    BERT.encoder.layer.6.attention.self.key.weight
2019-10-14 13:55:27,611 - INFO - allennlp.nn.initializers -    BERT.encoder.layer.6.attention.self.query.bias
2019-10-14 13:55:27,611 - INFO - allennlp.nn.initializers -    BERT.encoder.layer.6.attention.self.query.weight
2019-10-14 13:55:27,611 - INFO - allennlp.nn.initializers -    BERT.encoder.layer.6.attention.self.value.bias
2019-10-14 13:55:27,611 - INFO - allennlp.nn.initializers -    BERT.encoder.layer.6.attention.self.value.weight
2019-10-14 13:55:27,611 - INFO - allennlp.nn.initializers -    BERT.encoder.layer.6.intermediate.dense.bias
2019-10-14 13:55:27,611 - INFO - allennlp.nn.initializers -    BERT.encoder.layer.6.intermediate.dense.weight
2019-10-14 13:55:27,611 - INFO - allennlp.nn.initializers -    BERT.encoder.layer.6.output.LayerNorm.bias
2019-10-14 13:55:27,611 - INFO - allennlp.nn.initializers -    BERT.encoder.layer.6.output.LayerNorm.weight
2019-10-14 13:55:27,611 - INFO - allennlp.nn.initializers -    BERT.encoder.layer.6.output.dense.bias
2019-10-14 13:55:27,611 - INFO - allennlp.nn.initializers -    BERT.encoder.layer.6.output.dense.weight
2019-10-14 13:55:27,611 - INFO - allennlp.nn.initializers -    BERT.encoder.layer.7.attention.output.LayerNorm.bias
2019-10-14 13:55:27,611 - INFO - allennlp.nn.initializers -    BERT.encoder.layer.7.attention.output.LayerNorm.weight
2019-10-14 13:55:27,611 - INFO - allennlp.nn.initializers -    BERT.encoder.layer.7.attention.output.dense.bias
2019-10-14 13:55:27,611 - INFO - allennlp.nn.initializers -    BERT.encoder.layer.7.attention.output.dense.weight
2019-10-14 13:55:27,611 - INFO - allennlp.nn.initializers -    BERT.encoder.layer.7.attention.self.key.bias
2019-10-14 13:55:27,611 - INFO - allennlp.nn.initializers -    BERT.encoder.layer.7.attention.self.key.weight
2019-10-14 13:55:27,611 - INFO - allennlp.nn.initializers -    BERT.encoder.layer.7.attention.self.query.bias
2019-10-14 13:55:27,611 - INFO - allennlp.nn.initializers -    BERT.encoder.layer.7.attention.self.query.weight
2019-10-14 13:55:27,611 - INFO - allennlp.nn.initializers -    BERT.encoder.layer.7.attention.self.value.bias
2019-10-14 13:55:27,612 - INFO - allennlp.nn.initializers -    BERT.encoder.layer.7.attention.self.value.weight
2019-10-14 13:55:27,612 - INFO - allennlp.nn.initializers -    BERT.encoder.layer.7.intermediate.dense.bias
2019-10-14 13:55:27,612 - INFO - allennlp.nn.initializers -    BERT.encoder.layer.7.intermediate.dense.weight
2019-10-14 13:55:27,612 - INFO - allennlp.nn.initializers -    BERT.encoder.layer.7.output.LayerNorm.bias
2019-10-14 13:55:27,612 - INFO - allennlp.nn.initializers -    BERT.encoder.layer.7.output.LayerNorm.weight
2019-10-14 13:55:27,612 - INFO - allennlp.nn.initializers -    BERT.encoder.layer.7.output.dense.bias
2019-10-14 13:55:27,612 - INFO - allennlp.nn.initializers -    BERT.encoder.layer.7.output.dense.weight
2019-10-14 13:55:27,612 - INFO - allennlp.nn.initializers -    BERT.encoder.layer.8.attention.output.LayerNorm.bias
2019-10-14 13:55:27,612 - INFO - allennlp.nn.initializers -    BERT.encoder.layer.8.attention.output.LayerNorm.weight
2019-10-14 13:55:27,612 - INFO - allennlp.nn.initializers -    BERT.encoder.layer.8.attention.output.dense.bias
2019-10-14 13:55:27,612 - INFO - allennlp.nn.initializers -    BERT.encoder.layer.8.attention.output.dense.weight
2019-10-14 13:55:27,612 - INFO - allennlp.nn.initializers -    BERT.encoder.layer.8.attention.self.key.bias
2019-10-14 13:55:27,612 - INFO - allennlp.nn.initializers -    BERT.encoder.layer.8.attention.self.key.weight
2019-10-14 13:55:27,612 - INFO - allennlp.nn.initializers -    BERT.encoder.layer.8.attention.self.query.bias
2019-10-14 13:55:27,612 - INFO - allennlp.nn.initializers -    BERT.encoder.layer.8.attention.self.query.weight
2019-10-14 13:55:27,612 - INFO - allennlp.nn.initializers -    BERT.encoder.layer.8.attention.self.value.bias
2019-10-14 13:55:27,612 - INFO - allennlp.nn.initializers -    BERT.encoder.layer.8.attention.self.value.weight
2019-10-14 13:55:27,612 - INFO - allennlp.nn.initializers -    BERT.encoder.layer.8.intermediate.dense.bias
2019-10-14 13:55:27,612 - INFO - allennlp.nn.initializers -    BERT.encoder.layer.8.intermediate.dense.weight
2019-10-14 13:55:27,612 - INFO - allennlp.nn.initializers -    BERT.encoder.layer.8.output.LayerNorm.bias
2019-10-14 13:55:27,612 - INFO - allennlp.nn.initializers -    BERT.encoder.layer.8.output.LayerNorm.weight
2019-10-14 13:55:27,612 - INFO - allennlp.nn.initializers -    BERT.encoder.layer.8.output.dense.bias
2019-10-14 13:55:27,612 - INFO - allennlp.nn.initializers -    BERT.encoder.layer.8.output.dense.weight
2019-10-14 13:55:27,612 - INFO - allennlp.nn.initializers -    BERT.encoder.layer.9.attention.output.LayerNorm.bias
2019-10-14 13:55:27,612 - INFO - allennlp.nn.initializers -    BERT.encoder.layer.9.attention.output.LayerNorm.weight
2019-10-14 13:55:27,612 - INFO - allennlp.nn.initializers -    BERT.encoder.layer.9.attention.output.dense.bias
2019-10-14 13:55:27,612 - INFO - allennlp.nn.initializers -    BERT.encoder.layer.9.attention.output.dense.weight
2019-10-14 13:55:27,612 - INFO - allennlp.nn.initializers -    BERT.encoder.layer.9.attention.self.key.bias
2019-10-14 13:55:27,612 - INFO - allennlp.nn.initializers -    BERT.encoder.layer.9.attention.self.key.weight
2019-10-14 13:55:27,612 - INFO - allennlp.nn.initializers -    BERT.encoder.layer.9.attention.self.query.bias
2019-10-14 13:55:27,612 - INFO - allennlp.nn.initializers -    BERT.encoder.layer.9.attention.self.query.weight
2019-10-14 13:55:27,612 - INFO - allennlp.nn.initializers -    BERT.encoder.layer.9.attention.self.value.bias
2019-10-14 13:55:27,612 - INFO - allennlp.nn.initializers -    BERT.encoder.layer.9.attention.self.value.weight
2019-10-14 13:55:27,612 - INFO - allennlp.nn.initializers -    BERT.encoder.layer.9.intermediate.dense.bias
2019-10-14 13:55:27,612 - INFO - allennlp.nn.initializers -    BERT.encoder.layer.9.intermediate.dense.weight
2019-10-14 13:55:27,612 - INFO - allennlp.nn.initializers -    BERT.encoder.layer.9.output.LayerNorm.bias
2019-10-14 13:55:27,612 - INFO - allennlp.nn.initializers -    BERT.encoder.layer.9.output.LayerNorm.weight
2019-10-14 13:55:27,612 - INFO - allennlp.nn.initializers -    BERT.encoder.layer.9.output.dense.bias
2019-10-14 13:55:27,612 - INFO - allennlp.nn.initializers -    BERT.encoder.layer.9.output.dense.weight
2019-10-14 13:55:27,613 - INFO - allennlp.nn.initializers -    BERT.pooler.dense.bias
2019-10-14 13:55:27,613 - INFO - allennlp.nn.initializers -    BERT.pooler.dense.weight
2019-10-14 13:55:27,613 - INFO - allennlp.nn.initializers -    _answer_ability_predictor.0.bias
2019-10-14 13:55:27,613 - INFO - allennlp.nn.initializers -    _answer_ability_predictor.0.weight
2019-10-14 13:55:27,613 - INFO - allennlp.nn.initializers -    _answer_ability_predictor.3.bias
2019-10-14 13:55:27,613 - INFO - allennlp.nn.initializers -    _answer_ability_predictor.3.weight
2019-10-14 13:55:27,613 - INFO - allennlp.nn.initializers -    _arithmetic_passage_weight_predictor.bias
2019-10-14 13:55:27,613 - INFO - allennlp.nn.initializers -    _arithmetic_passage_weight_predictor.weight
2019-10-14 13:55:27,613 - INFO - allennlp.nn.initializers -    _arithmetic_question_weight_predictor.bias
2019-10-14 13:55:27,613 - INFO - allennlp.nn.initializers -    _arithmetic_question_weight_predictor.weight
2019-10-14 13:55:27,613 - INFO - allennlp.nn.initializers -    _arithmetic_template_predictor.0.bias
2019-10-14 13:55:27,613 - INFO - allennlp.nn.initializers -    _arithmetic_template_predictor.0.weight
2019-10-14 13:55:27,613 - INFO - allennlp.nn.initializers -    _arithmetic_template_predictor.3.bias
2019-10-14 13:55:27,613 - INFO - allennlp.nn.initializers -    _arithmetic_template_predictor.3.weight
2019-10-14 13:55:27,613 - INFO - allennlp.nn.initializers -    _arithmetic_template_slot_predictor.bias
2019-10-14 13:55:27,613 - INFO - allennlp.nn.initializers -    _arithmetic_template_slot_predictor.weight
2019-10-14 13:55:27,613 - INFO - allennlp.nn.initializers -    _count_number_predictor.0.bias
2019-10-14 13:55:27,613 - INFO - allennlp.nn.initializers -    _count_number_predictor.0.weight
2019-10-14 13:55:27,613 - INFO - allennlp.nn.initializers -    _count_number_predictor.3.bias
2019-10-14 13:55:27,613 - INFO - allennlp.nn.initializers -    _count_number_predictor.3.weight
2019-10-14 13:55:27,613 - INFO - allennlp.nn.initializers -    _count_passage_weight_predictor.bias
2019-10-14 13:55:27,613 - INFO - allennlp.nn.initializers -    _count_passage_weight_predictor.weight
2019-10-14 13:55:27,613 - INFO - allennlp.nn.initializers -    _number_weights_predictor.bias
2019-10-14 13:55:27,613 - INFO - allennlp.nn.initializers -    _number_weights_predictor.weight
2019-10-14 13:55:27,613 - INFO - allennlp.nn.initializers -    _passage_span_end_predictor.bias
2019-10-14 13:55:27,613 - INFO - allennlp.nn.initializers -    _passage_span_end_predictor.weight
2019-10-14 13:55:27,613 - INFO - allennlp.nn.initializers -    _passage_span_start_predictor.bias
2019-10-14 13:55:27,613 - INFO - allennlp.nn.initializers -    _passage_span_start_predictor.weight
2019-10-14 13:55:27,613 - INFO - allennlp.nn.initializers -    _passage_weights_predictor.bias
2019-10-14 13:55:27,613 - INFO - allennlp.nn.initializers -    _passage_weights_predictor.weight
2019-10-14 13:55:27,613 - INFO - allennlp.nn.initializers -    _qspan_passage_weight_predictor.bias
2019-10-14 13:55:27,613 - INFO - allennlp.nn.initializers -    _qspan_passage_weight_predictor.weight
2019-10-14 13:55:27,613 - INFO - allennlp.nn.initializers -    _question_span_end_predictor.0.bias
2019-10-14 13:55:27,613 - INFO - allennlp.nn.initializers -    _question_span_end_predictor.0.weight
2019-10-14 13:55:27,613 - INFO - allennlp.nn.initializers -    _question_span_end_predictor.3.bias
2019-10-14 13:55:27,613 - INFO - allennlp.nn.initializers -    _question_span_end_predictor.3.weight
2019-10-14 13:55:27,613 - INFO - allennlp.nn.initializers -    _question_span_start_predictor.0.bias
2019-10-14 13:55:27,613 - INFO - allennlp.nn.initializers -    _question_span_start_predictor.0.weight
2019-10-14 13:55:27,613 - INFO - allennlp.nn.initializers -    _question_span_start_predictor.3.bias
2019-10-14 13:55:27,613 - INFO - allennlp.nn.initializers -    _question_span_start_predictor.3.weight
2019-10-14 13:55:27,614 - INFO - allennlp.nn.initializers -    _question_weights_predictor.bias
2019-10-14 13:55:27,614 - INFO - allennlp.nn.initializers -    _question_weights_predictor.weight
2019-10-14 13:55:27,614 - INFO - allennlp.nn.initializers -    special_embedding.weight
2019-10-14 13:55:27,615 - INFO - allennlp.common.from_params - instantiating class <class 'allennlp.data.iterators.data_iterator.DataIterator'> from params {'batch_size': 4, 'type': 'basic'} and extras set()
2019-10-14 13:55:27,615 - INFO - allennlp.common.params - iterator.type = basic
2019-10-14 13:55:27,615 - INFO - allennlp.common.from_params - instantiating class <class 'allennlp.data.iterators.basic_iterator.BasicIterator'> from params {'batch_size': 4} and extras set()
2019-10-14 13:55:27,615 - INFO - allennlp.common.params - iterator.batch_size = 4
2019-10-14 13:55:27,615 - INFO - allennlp.common.params - iterator.instances_per_epoch = None
2019-10-14 13:55:27,615 - INFO - allennlp.common.params - iterator.max_instances_in_memory = None
2019-10-14 13:55:27,615 - INFO - allennlp.common.params - iterator.cache_instances = False
2019-10-14 13:55:27,615 - INFO - allennlp.common.params - iterator.track_epoch = False
2019-10-14 13:55:27,615 - INFO - allennlp.common.params - iterator.maximum_samples_per_batch = None
2019-10-14 13:55:27,615 - INFO - allennlp.common.params - validation_iterator = None
2019-10-14 13:55:27,615 - INFO - allennlp.common.params - trainer.no_grad = ()
2019-10-14 13:55:27,616 - INFO - allennlp.training.trainer_pieces - Following parameters are Frozen  (without gradient):
2019-10-14 13:55:27,616 - INFO - allennlp.training.trainer_pieces - Following parameters are Tunable (with gradient):
2019-10-14 13:55:27,616 - INFO - allennlp.training.trainer_pieces - BERT.embeddings.word_embeddings.weight
2019-10-14 13:55:27,616 - INFO - allennlp.training.trainer_pieces - BERT.embeddings.position_embeddings.weight
2019-10-14 13:55:27,616 - INFO - allennlp.training.trainer_pieces - BERT.embeddings.token_type_embeddings.weight
2019-10-14 13:55:27,616 - INFO - allennlp.training.trainer_pieces - BERT.embeddings.LayerNorm.weight
2019-10-14 13:55:27,616 - INFO - allennlp.training.trainer_pieces - BERT.embeddings.LayerNorm.bias
2019-10-14 13:55:27,616 - INFO - allennlp.training.trainer_pieces - BERT.encoder.layer.0.attention.self.query.weight
2019-10-14 13:55:27,616 - INFO - allennlp.training.trainer_pieces - BERT.encoder.layer.0.attention.self.query.bias
2019-10-14 13:55:27,616 - INFO - allennlp.training.trainer_pieces - BERT.encoder.layer.0.attention.self.key.weight
2019-10-14 13:55:27,616 - INFO - allennlp.training.trainer_pieces - BERT.encoder.layer.0.attention.self.key.bias
2019-10-14 13:55:27,616 - INFO - allennlp.training.trainer_pieces - BERT.encoder.layer.0.attention.self.value.weight
2019-10-14 13:55:27,616 - INFO - allennlp.training.trainer_pieces - BERT.encoder.layer.0.attention.self.value.bias
2019-10-14 13:55:27,616 - INFO - allennlp.training.trainer_pieces - BERT.encoder.layer.0.attention.output.dense.weight
2019-10-14 13:55:27,616 - INFO - allennlp.training.trainer_pieces - BERT.encoder.layer.0.attention.output.dense.bias
2019-10-14 13:55:27,616 - INFO - allennlp.training.trainer_pieces - BERT.encoder.layer.0.attention.output.LayerNorm.weight
2019-10-14 13:55:27,617 - INFO - allennlp.training.trainer_pieces - BERT.encoder.layer.0.attention.output.LayerNorm.bias
2019-10-14 13:55:27,617 - INFO - allennlp.training.trainer_pieces - BERT.encoder.layer.0.intermediate.dense.weight
2019-10-14 13:55:27,617 - INFO - allennlp.training.trainer_pieces - BERT.encoder.layer.0.intermediate.dense.bias
2019-10-14 13:55:27,617 - INFO - allennlp.training.trainer_pieces - BERT.encoder.layer.0.output.dense.weight
2019-10-14 13:55:27,617 - INFO - allennlp.training.trainer_pieces - BERT.encoder.layer.0.output.dense.bias
2019-10-14 13:55:27,617 - INFO - allennlp.training.trainer_pieces - BERT.encoder.layer.0.output.LayerNorm.weight
2019-10-14 13:55:27,617 - INFO - allennlp.training.trainer_pieces - BERT.encoder.layer.0.output.LayerNorm.bias
2019-10-14 13:55:27,617 - INFO - allennlp.training.trainer_pieces - BERT.encoder.layer.1.attention.self.query.weight
2019-10-14 13:55:27,617 - INFO - allennlp.training.trainer_pieces - BERT.encoder.layer.1.attention.self.query.bias
2019-10-14 13:55:27,617 - INFO - allennlp.training.trainer_pieces - BERT.encoder.layer.1.attention.self.key.weight
2019-10-14 13:55:27,617 - INFO - allennlp.training.trainer_pieces - BERT.encoder.layer.1.attention.self.key.bias
2019-10-14 13:55:27,617 - INFO - allennlp.training.trainer_pieces - BERT.encoder.layer.1.attention.self.value.weight
2019-10-14 13:55:27,617 - INFO - allennlp.training.trainer_pieces - BERT.encoder.layer.1.attention.self.value.bias
2019-10-14 13:55:27,617 - INFO - allennlp.training.trainer_pieces - BERT.encoder.layer.1.attention.output.dense.weight
2019-10-14 13:55:27,617 - INFO - allennlp.training.trainer_pieces - BERT.encoder.layer.1.attention.output.dense.bias
2019-10-14 13:55:27,617 - INFO - allennlp.training.trainer_pieces - BERT.encoder.layer.1.attention.output.LayerNorm.weight
2019-10-14 13:55:27,617 - INFO - allennlp.training.trainer_pieces - BERT.encoder.layer.1.attention.output.LayerNorm.bias
2019-10-14 13:55:27,617 - INFO - allennlp.training.trainer_pieces - BERT.encoder.layer.1.intermediate.dense.weight
2019-10-14 13:55:27,617 - INFO - allennlp.training.trainer_pieces - BERT.encoder.layer.1.intermediate.dense.bias
2019-10-14 13:55:27,617 - INFO - allennlp.training.trainer_pieces - BERT.encoder.layer.1.output.dense.weight
2019-10-14 13:55:27,617 - INFO - allennlp.training.trainer_pieces - BERT.encoder.layer.1.output.dense.bias
2019-10-14 13:55:27,617 - INFO - allennlp.training.trainer_pieces - BERT.encoder.layer.1.output.LayerNorm.weight
2019-10-14 13:55:27,617 - INFO - allennlp.training.trainer_pieces - BERT.encoder.layer.1.output.LayerNorm.bias
2019-10-14 13:55:27,617 - INFO - allennlp.training.trainer_pieces - BERT.encoder.layer.2.attention.self.query.weight
2019-10-14 13:55:27,617 - INFO - allennlp.training.trainer_pieces - BERT.encoder.layer.2.attention.self.query.bias
2019-10-14 13:55:27,617 - INFO - allennlp.training.trainer_pieces - BERT.encoder.layer.2.attention.self.key.weight
2019-10-14 13:55:27,617 - INFO - allennlp.training.trainer_pieces - BERT.encoder.layer.2.attention.self.key.bias
2019-10-14 13:55:27,617 - INFO - allennlp.training.trainer_pieces - BERT.encoder.layer.2.attention.self.value.weight
2019-10-14 13:55:27,617 - INFO - allennlp.training.trainer_pieces - BERT.encoder.layer.2.attention.self.value.bias
2019-10-14 13:55:27,617 - INFO - allennlp.training.trainer_pieces - BERT.encoder.layer.2.attention.output.dense.weight
2019-10-14 13:55:27,617 - INFO - allennlp.training.trainer_pieces - BERT.encoder.layer.2.attention.output.dense.bias
2019-10-14 13:55:27,617 - INFO - allennlp.training.trainer_pieces - BERT.encoder.layer.2.attention.output.LayerNorm.weight
2019-10-14 13:55:27,617 - INFO - allennlp.training.trainer_pieces - BERT.encoder.layer.2.attention.output.LayerNorm.bias
2019-10-14 13:55:27,617 - INFO - allennlp.training.trainer_pieces - BERT.encoder.layer.2.intermediate.dense.weight
2019-10-14 13:55:27,617 - INFO - allennlp.training.trainer_pieces - BERT.encoder.layer.2.intermediate.dense.bias
2019-10-14 13:55:27,617 - INFO - allennlp.training.trainer_pieces - BERT.encoder.layer.2.output.dense.weight
2019-10-14 13:55:27,617 - INFO - allennlp.training.trainer_pieces - BERT.encoder.layer.2.output.dense.bias
2019-10-14 13:55:27,617 - INFO - allennlp.training.trainer_pieces - BERT.encoder.layer.2.output.LayerNorm.weight
2019-10-14 13:55:27,617 - INFO - allennlp.training.trainer_pieces - BERT.encoder.layer.2.output.LayerNorm.bias
2019-10-14 13:55:27,617 - INFO - allennlp.training.trainer_pieces - BERT.encoder.layer.3.attention.self.query.weight
2019-10-14 13:55:27,617 - INFO - allennlp.training.trainer_pieces - BERT.encoder.layer.3.attention.self.query.bias
2019-10-14 13:55:27,617 - INFO - allennlp.training.trainer_pieces - BERT.encoder.layer.3.attention.self.key.weight
2019-10-14 13:55:27,617 - INFO - allennlp.training.trainer_pieces - BERT.encoder.layer.3.attention.self.key.bias
2019-10-14 13:55:27,618 - INFO - allennlp.training.trainer_pieces - BERT.encoder.layer.3.attention.self.value.weight
2019-10-14 13:55:27,618 - INFO - allennlp.training.trainer_pieces - BERT.encoder.layer.3.attention.self.value.bias
2019-10-14 13:55:27,618 - INFO - allennlp.training.trainer_pieces - BERT.encoder.layer.3.attention.output.dense.weight
2019-10-14 13:55:27,618 - INFO - allennlp.training.trainer_pieces - BERT.encoder.layer.3.attention.output.dense.bias
2019-10-14 13:55:27,618 - INFO - allennlp.training.trainer_pieces - BERT.encoder.layer.3.attention.output.LayerNorm.weight
2019-10-14 13:55:27,618 - INFO - allennlp.training.trainer_pieces - BERT.encoder.layer.3.attention.output.LayerNorm.bias
2019-10-14 13:55:27,618 - INFO - allennlp.training.trainer_pieces - BERT.encoder.layer.3.intermediate.dense.weight
2019-10-14 13:55:27,618 - INFO - allennlp.training.trainer_pieces - BERT.encoder.layer.3.intermediate.dense.bias
2019-10-14 13:55:27,618 - INFO - allennlp.training.trainer_pieces - BERT.encoder.layer.3.output.dense.weight
2019-10-14 13:55:27,618 - INFO - allennlp.training.trainer_pieces - BERT.encoder.layer.3.output.dense.bias
2019-10-14 13:55:27,618 - INFO - allennlp.training.trainer_pieces - BERT.encoder.layer.3.output.LayerNorm.weight
2019-10-14 13:55:27,618 - INFO - allennlp.training.trainer_pieces - BERT.encoder.layer.3.output.LayerNorm.bias
2019-10-14 13:55:27,618 - INFO - allennlp.training.trainer_pieces - BERT.encoder.layer.4.attention.self.query.weight
2019-10-14 13:55:27,618 - INFO - allennlp.training.trainer_pieces - BERT.encoder.layer.4.attention.self.query.bias
2019-10-14 13:55:27,618 - INFO - allennlp.training.trainer_pieces - BERT.encoder.layer.4.attention.self.key.weight
2019-10-14 13:55:27,618 - INFO - allennlp.training.trainer_pieces - BERT.encoder.layer.4.attention.self.key.bias
2019-10-14 13:55:27,618 - INFO - allennlp.training.trainer_pieces - BERT.encoder.layer.4.attention.self.value.weight
2019-10-14 13:55:27,618 - INFO - allennlp.training.trainer_pieces - BERT.encoder.layer.4.attention.self.value.bias
2019-10-14 13:55:27,618 - INFO - allennlp.training.trainer_pieces - BERT.encoder.layer.4.attention.output.dense.weight
2019-10-14 13:55:27,618 - INFO - allennlp.training.trainer_pieces - BERT.encoder.layer.4.attention.output.dense.bias
2019-10-14 13:55:27,618 - INFO - allennlp.training.trainer_pieces - BERT.encoder.layer.4.attention.output.LayerNorm.weight
2019-10-14 13:55:27,618 - INFO - allennlp.training.trainer_pieces - BERT.encoder.layer.4.attention.output.LayerNorm.bias
2019-10-14 13:55:27,618 - INFO - allennlp.training.trainer_pieces - BERT.encoder.layer.4.intermediate.dense.weight
2019-10-14 13:55:27,618 - INFO - allennlp.training.trainer_pieces - BERT.encoder.layer.4.intermediate.dense.bias
2019-10-14 13:55:27,618 - INFO - allennlp.training.trainer_pieces - BERT.encoder.layer.4.output.dense.weight
2019-10-14 13:55:27,618 - INFO - allennlp.training.trainer_pieces - BERT.encoder.layer.4.output.dense.bias
2019-10-14 13:55:27,618 - INFO - allennlp.training.trainer_pieces - BERT.encoder.layer.4.output.LayerNorm.weight
2019-10-14 13:55:27,618 - INFO - allennlp.training.trainer_pieces - BERT.encoder.layer.4.output.LayerNorm.bias
2019-10-14 13:55:27,618 - INFO - allennlp.training.trainer_pieces - BERT.encoder.layer.5.attention.self.query.weight
2019-10-14 13:55:27,618 - INFO - allennlp.training.trainer_pieces - BERT.encoder.layer.5.attention.self.query.bias
2019-10-14 13:55:27,618 - INFO - allennlp.training.trainer_pieces - BERT.encoder.layer.5.attention.self.key.weight
2019-10-14 13:55:27,618 - INFO - allennlp.training.trainer_pieces - BERT.encoder.layer.5.attention.self.key.bias
2019-10-14 13:55:27,618 - INFO - allennlp.training.trainer_pieces - BERT.encoder.layer.5.attention.self.value.weight
2019-10-14 13:55:27,618 - INFO - allennlp.training.trainer_pieces - BERT.encoder.layer.5.attention.self.value.bias
2019-10-14 13:55:27,618 - INFO - allennlp.training.trainer_pieces - BERT.encoder.layer.5.attention.output.dense.weight
2019-10-14 13:55:27,618 - INFO - allennlp.training.trainer_pieces - BERT.encoder.layer.5.attention.output.dense.bias
2019-10-14 13:55:27,618 - INFO - allennlp.training.trainer_pieces - BERT.encoder.layer.5.attention.output.LayerNorm.weight
2019-10-14 13:55:27,618 - INFO - allennlp.training.trainer_pieces - BERT.encoder.layer.5.attention.output.LayerNorm.bias
2019-10-14 13:55:27,618 - INFO - allennlp.training.trainer_pieces - BERT.encoder.layer.5.intermediate.dense.weight
2019-10-14 13:55:27,618 - INFO - allennlp.training.trainer_pieces - BERT.encoder.layer.5.intermediate.dense.bias
2019-10-14 13:55:27,618 - INFO - allennlp.training.trainer_pieces - BERT.encoder.layer.5.output.dense.weight
2019-10-14 13:55:27,618 - INFO - allennlp.training.trainer_pieces - BERT.encoder.layer.5.output.dense.bias
2019-10-14 13:55:27,618 - INFO - allennlp.training.trainer_pieces - BERT.encoder.layer.5.output.LayerNorm.weight
2019-10-14 13:55:27,618 - INFO - allennlp.training.trainer_pieces - BERT.encoder.layer.5.output.LayerNorm.bias
2019-10-14 13:55:27,619 - INFO - allennlp.training.trainer_pieces - BERT.encoder.layer.6.attention.self.query.weight
2019-10-14 13:55:27,619 - INFO - allennlp.training.trainer_pieces - BERT.encoder.layer.6.attention.self.query.bias
2019-10-14 13:55:27,619 - INFO - allennlp.training.trainer_pieces - BERT.encoder.layer.6.attention.self.key.weight
2019-10-14 13:55:27,619 - INFO - allennlp.training.trainer_pieces - BERT.encoder.layer.6.attention.self.key.bias
2019-10-14 13:55:27,619 - INFO - allennlp.training.trainer_pieces - BERT.encoder.layer.6.attention.self.value.weight
2019-10-14 13:55:27,619 - INFO - allennlp.training.trainer_pieces - BERT.encoder.layer.6.attention.self.value.bias
2019-10-14 13:55:27,619 - INFO - allennlp.training.trainer_pieces - BERT.encoder.layer.6.attention.output.dense.weight
2019-10-14 13:55:27,619 - INFO - allennlp.training.trainer_pieces - BERT.encoder.layer.6.attention.output.dense.bias
2019-10-14 13:55:27,619 - INFO - allennlp.training.trainer_pieces - BERT.encoder.layer.6.attention.output.LayerNorm.weight
2019-10-14 13:55:27,619 - INFO - allennlp.training.trainer_pieces - BERT.encoder.layer.6.attention.output.LayerNorm.bias
2019-10-14 13:55:27,619 - INFO - allennlp.training.trainer_pieces - BERT.encoder.layer.6.intermediate.dense.weight
2019-10-14 13:55:27,619 - INFO - allennlp.training.trainer_pieces - BERT.encoder.layer.6.intermediate.dense.bias
2019-10-14 13:55:27,619 - INFO - allennlp.training.trainer_pieces - BERT.encoder.layer.6.output.dense.weight
2019-10-14 13:55:27,619 - INFO - allennlp.training.trainer_pieces - BERT.encoder.layer.6.output.dense.bias
2019-10-14 13:55:27,619 - INFO - allennlp.training.trainer_pieces - BERT.encoder.layer.6.output.LayerNorm.weight
2019-10-14 13:55:27,619 - INFO - allennlp.training.trainer_pieces - BERT.encoder.layer.6.output.LayerNorm.bias
2019-10-14 13:55:27,619 - INFO - allennlp.training.trainer_pieces - BERT.encoder.layer.7.attention.self.query.weight
2019-10-14 13:55:27,619 - INFO - allennlp.training.trainer_pieces - BERT.encoder.layer.7.attention.self.query.bias
2019-10-14 13:55:27,619 - INFO - allennlp.training.trainer_pieces - BERT.encoder.layer.7.attention.self.key.weight
2019-10-14 13:55:27,619 - INFO - allennlp.training.trainer_pieces - BERT.encoder.layer.7.attention.self.key.bias
2019-10-14 13:55:27,619 - INFO - allennlp.training.trainer_pieces - BERT.encoder.layer.7.attention.self.value.weight
2019-10-14 13:55:27,619 - INFO - allennlp.training.trainer_pieces - BERT.encoder.layer.7.attention.self.value.bias
2019-10-14 13:55:27,619 - INFO - allennlp.training.trainer_pieces - BERT.encoder.layer.7.attention.output.dense.weight
2019-10-14 13:55:27,619 - INFO - allennlp.training.trainer_pieces - BERT.encoder.layer.7.attention.output.dense.bias
2019-10-14 13:55:27,619 - INFO - allennlp.training.trainer_pieces - BERT.encoder.layer.7.attention.output.LayerNorm.weight
2019-10-14 13:55:27,619 - INFO - allennlp.training.trainer_pieces - BERT.encoder.layer.7.attention.output.LayerNorm.bias
2019-10-14 13:55:27,619 - INFO - allennlp.training.trainer_pieces - BERT.encoder.layer.7.intermediate.dense.weight
2019-10-14 13:55:27,619 - INFO - allennlp.training.trainer_pieces - BERT.encoder.layer.7.intermediate.dense.bias
2019-10-14 13:55:27,619 - INFO - allennlp.training.trainer_pieces - BERT.encoder.layer.7.output.dense.weight
2019-10-14 13:55:27,619 - INFO - allennlp.training.trainer_pieces - BERT.encoder.layer.7.output.dense.bias
2019-10-14 13:55:27,619 - INFO - allennlp.training.trainer_pieces - BERT.encoder.layer.7.output.LayerNorm.weight
2019-10-14 13:55:27,619 - INFO - allennlp.training.trainer_pieces - BERT.encoder.layer.7.output.LayerNorm.bias
2019-10-14 13:55:27,619 - INFO - allennlp.training.trainer_pieces - BERT.encoder.layer.8.attention.self.query.weight
2019-10-14 13:55:27,619 - INFO - allennlp.training.trainer_pieces - BERT.encoder.layer.8.attention.self.query.bias
2019-10-14 13:55:27,619 - INFO - allennlp.training.trainer_pieces - BERT.encoder.layer.8.attention.self.key.weight
2019-10-14 13:55:27,619 - INFO - allennlp.training.trainer_pieces - BERT.encoder.layer.8.attention.self.key.bias
2019-10-14 13:55:27,619 - INFO - allennlp.training.trainer_pieces - BERT.encoder.layer.8.attention.self.value.weight
2019-10-14 13:55:27,619 - INFO - allennlp.training.trainer_pieces - BERT.encoder.layer.8.attention.self.value.bias
2019-10-14 13:55:27,619 - INFO - allennlp.training.trainer_pieces - BERT.encoder.layer.8.attention.output.dense.weight
2019-10-14 13:55:27,619 - INFO - allennlp.training.trainer_pieces - BERT.encoder.layer.8.attention.output.dense.bias
2019-10-14 13:55:27,619 - INFO - allennlp.training.trainer_pieces - BERT.encoder.layer.8.attention.output.LayerNorm.weight
2019-10-14 13:55:27,620 - INFO - allennlp.training.trainer_pieces - BERT.encoder.layer.8.attention.output.LayerNorm.bias
2019-10-14 13:55:27,620 - INFO - allennlp.training.trainer_pieces - BERT.encoder.layer.8.intermediate.dense.weight
2019-10-14 13:55:27,620 - INFO - allennlp.training.trainer_pieces - BERT.encoder.layer.8.intermediate.dense.bias
2019-10-14 13:55:27,620 - INFO - allennlp.training.trainer_pieces - BERT.encoder.layer.8.output.dense.weight
2019-10-14 13:55:27,620 - INFO - allennlp.training.trainer_pieces - BERT.encoder.layer.8.output.dense.bias
2019-10-14 13:55:27,620 - INFO - allennlp.training.trainer_pieces - BERT.encoder.layer.8.output.LayerNorm.weight
2019-10-14 13:55:27,620 - INFO - allennlp.training.trainer_pieces - BERT.encoder.layer.8.output.LayerNorm.bias
2019-10-14 13:55:27,620 - INFO - allennlp.training.trainer_pieces - BERT.encoder.layer.9.attention.self.query.weight
2019-10-14 13:55:27,620 - INFO - allennlp.training.trainer_pieces - BERT.encoder.layer.9.attention.self.query.bias
2019-10-14 13:55:27,620 - INFO - allennlp.training.trainer_pieces - BERT.encoder.layer.9.attention.self.key.weight
2019-10-14 13:55:27,620 - INFO - allennlp.training.trainer_pieces - BERT.encoder.layer.9.attention.self.key.bias
2019-10-14 13:55:27,620 - INFO - allennlp.training.trainer_pieces - BERT.encoder.layer.9.attention.self.value.weight
2019-10-14 13:55:27,620 - INFO - allennlp.training.trainer_pieces - BERT.encoder.layer.9.attention.self.value.bias
2019-10-14 13:55:27,620 - INFO - allennlp.training.trainer_pieces - BERT.encoder.layer.9.attention.output.dense.weight
2019-10-14 13:55:27,620 - INFO - allennlp.training.trainer_pieces - BERT.encoder.layer.9.attention.output.dense.bias
2019-10-14 13:55:27,620 - INFO - allennlp.training.trainer_pieces - BERT.encoder.layer.9.attention.output.LayerNorm.weight
2019-10-14 13:55:27,620 - INFO - allennlp.training.trainer_pieces - BERT.encoder.layer.9.attention.output.LayerNorm.bias
2019-10-14 13:55:27,620 - INFO - allennlp.training.trainer_pieces - BERT.encoder.layer.9.intermediate.dense.weight
2019-10-14 13:55:27,620 - INFO - allennlp.training.trainer_pieces - BERT.encoder.layer.9.intermediate.dense.bias
2019-10-14 13:55:27,620 - INFO - allennlp.training.trainer_pieces - BERT.encoder.layer.9.output.dense.weight
2019-10-14 13:55:27,620 - INFO - allennlp.training.trainer_pieces - BERT.encoder.layer.9.output.dense.bias
2019-10-14 13:55:27,620 - INFO - allennlp.training.trainer_pieces - BERT.encoder.layer.9.output.LayerNorm.weight
2019-10-14 13:55:27,620 - INFO - allennlp.training.trainer_pieces - BERT.encoder.layer.9.output.LayerNorm.bias
2019-10-14 13:55:27,620 - INFO - allennlp.training.trainer_pieces - BERT.encoder.layer.10.attention.self.query.weight
2019-10-14 13:55:27,620 - INFO - allennlp.training.trainer_pieces - BERT.encoder.layer.10.attention.self.query.bias
2019-10-14 13:55:27,620 - INFO - allennlp.training.trainer_pieces - BERT.encoder.layer.10.attention.self.key.weight
2019-10-14 13:55:27,620 - INFO - allennlp.training.trainer_pieces - BERT.encoder.layer.10.attention.self.key.bias
2019-10-14 13:55:27,620 - INFO - allennlp.training.trainer_pieces - BERT.encoder.layer.10.attention.self.value.weight
2019-10-14 13:55:27,620 - INFO - allennlp.training.trainer_pieces - BERT.encoder.layer.10.attention.self.value.bias
2019-10-14 13:55:27,620 - INFO - allennlp.training.trainer_pieces - BERT.encoder.layer.10.attention.output.dense.weight
2019-10-14 13:55:27,620 - INFO - allennlp.training.trainer_pieces - BERT.encoder.layer.10.attention.output.dense.bias
2019-10-14 13:55:27,620 - INFO - allennlp.training.trainer_pieces - BERT.encoder.layer.10.attention.output.LayerNorm.weight
2019-10-14 13:55:27,620 - INFO - allennlp.training.trainer_pieces - BERT.encoder.layer.10.attention.output.LayerNorm.bias
2019-10-14 13:55:27,620 - INFO - allennlp.training.trainer_pieces - BERT.encoder.layer.10.intermediate.dense.weight
2019-10-14 13:55:27,620 - INFO - allennlp.training.trainer_pieces - BERT.encoder.layer.10.intermediate.dense.bias
2019-10-14 13:55:27,620 - INFO - allennlp.training.trainer_pieces - BERT.encoder.layer.10.output.dense.weight
2019-10-14 13:55:27,620 - INFO - allennlp.training.trainer_pieces - BERT.encoder.layer.10.output.dense.bias
2019-10-14 13:55:27,620 - INFO - allennlp.training.trainer_pieces - BERT.encoder.layer.10.output.LayerNorm.weight
2019-10-14 13:55:27,620 - INFO - allennlp.training.trainer_pieces - BERT.encoder.layer.10.output.LayerNorm.bias
2019-10-14 13:55:27,620 - INFO - allennlp.training.trainer_pieces - BERT.encoder.layer.11.attention.self.query.weight
2019-10-14 13:55:27,620 - INFO - allennlp.training.trainer_pieces - BERT.encoder.layer.11.attention.self.query.bias
2019-10-14 13:55:27,620 - INFO - allennlp.training.trainer_pieces - BERT.encoder.layer.11.attention.self.key.weight
2019-10-14 13:55:27,620 - INFO - allennlp.training.trainer_pieces - BERT.encoder.layer.11.attention.self.key.bias
2019-10-14 13:55:27,621 - INFO - allennlp.training.trainer_pieces - BERT.encoder.layer.11.attention.self.value.weight
2019-10-14 13:55:27,621 - INFO - allennlp.training.trainer_pieces - BERT.encoder.layer.11.attention.self.value.bias
2019-10-14 13:55:27,621 - INFO - allennlp.training.trainer_pieces - BERT.encoder.layer.11.attention.output.dense.weight
2019-10-14 13:55:27,621 - INFO - allennlp.training.trainer_pieces - BERT.encoder.layer.11.attention.output.dense.bias
2019-10-14 13:55:27,621 - INFO - allennlp.training.trainer_pieces - BERT.encoder.layer.11.attention.output.LayerNorm.weight
2019-10-14 13:55:27,621 - INFO - allennlp.training.trainer_pieces - BERT.encoder.layer.11.attention.output.LayerNorm.bias
2019-10-14 13:55:27,621 - INFO - allennlp.training.trainer_pieces - BERT.encoder.layer.11.intermediate.dense.weight
2019-10-14 13:55:27,621 - INFO - allennlp.training.trainer_pieces - BERT.encoder.layer.11.intermediate.dense.bias
2019-10-14 13:55:27,621 - INFO - allennlp.training.trainer_pieces - BERT.encoder.layer.11.output.dense.weight
2019-10-14 13:55:27,621 - INFO - allennlp.training.trainer_pieces - BERT.encoder.layer.11.output.dense.bias
2019-10-14 13:55:27,621 - INFO - allennlp.training.trainer_pieces - BERT.encoder.layer.11.output.LayerNorm.weight
2019-10-14 13:55:27,621 - INFO - allennlp.training.trainer_pieces - BERT.encoder.layer.11.output.LayerNorm.bias
2019-10-14 13:55:27,621 - INFO - allennlp.training.trainer_pieces - BERT.pooler.dense.weight
2019-10-14 13:55:27,621 - INFO - allennlp.training.trainer_pieces - BERT.pooler.dense.bias
2019-10-14 13:55:27,621 - INFO - allennlp.training.trainer_pieces - _passage_weights_predictor.weight
2019-10-14 13:55:27,621 - INFO - allennlp.training.trainer_pieces - _passage_weights_predictor.bias
2019-10-14 13:55:27,621 - INFO - allennlp.training.trainer_pieces - _question_weights_predictor.weight
2019-10-14 13:55:27,621 - INFO - allennlp.training.trainer_pieces - _question_weights_predictor.bias
2019-10-14 13:55:27,621 - INFO - allennlp.training.trainer_pieces - _number_weights_predictor.weight
2019-10-14 13:55:27,621 - INFO - allennlp.training.trainer_pieces - _number_weights_predictor.bias
2019-10-14 13:55:27,621 - INFO - allennlp.training.trainer_pieces - _answer_ability_predictor.0.weight
2019-10-14 13:55:27,621 - INFO - allennlp.training.trainer_pieces - _answer_ability_predictor.0.bias
2019-10-14 13:55:27,621 - INFO - allennlp.training.trainer_pieces - _answer_ability_predictor.3.weight
2019-10-14 13:55:27,621 - INFO - allennlp.training.trainer_pieces - _answer_ability_predictor.3.bias
2019-10-14 13:55:27,621 - INFO - allennlp.training.trainer_pieces - _passage_span_start_predictor.weight
2019-10-14 13:55:27,621 - INFO - allennlp.training.trainer_pieces - _passage_span_start_predictor.bias
2019-10-14 13:55:27,621 - INFO - allennlp.training.trainer_pieces - _passage_span_end_predictor.weight
2019-10-14 13:55:27,621 - INFO - allennlp.training.trainer_pieces - _passage_span_end_predictor.bias
2019-10-14 13:55:27,621 - INFO - allennlp.training.trainer_pieces - _question_span_start_predictor.0.weight
2019-10-14 13:55:27,621 - INFO - allennlp.training.trainer_pieces - _question_span_start_predictor.0.bias
2019-10-14 13:55:27,621 - INFO - allennlp.training.trainer_pieces - _question_span_start_predictor.3.weight
2019-10-14 13:55:27,621 - INFO - allennlp.training.trainer_pieces - _question_span_start_predictor.3.bias
2019-10-14 13:55:27,621 - INFO - allennlp.training.trainer_pieces - _question_span_end_predictor.0.weight
2019-10-14 13:55:27,621 - INFO - allennlp.training.trainer_pieces - _question_span_end_predictor.0.bias
2019-10-14 13:55:27,621 - INFO - allennlp.training.trainer_pieces - _question_span_end_predictor.3.weight
2019-10-14 13:55:27,621 - INFO - allennlp.training.trainer_pieces - _question_span_end_predictor.3.bias
2019-10-14 13:55:27,621 - INFO - allennlp.training.trainer_pieces - _qspan_passage_weight_predictor.weight
2019-10-14 13:55:27,621 - INFO - allennlp.training.trainer_pieces - _qspan_passage_weight_predictor.bias
2019-10-14 13:55:27,621 - INFO - allennlp.training.trainer_pieces - special_embedding.weight
2019-10-14 13:55:27,621 - INFO - allennlp.training.trainer_pieces - _arithmetic_template_predictor.0.weight
2019-10-14 13:55:27,621 - INFO - allennlp.training.trainer_pieces - _arithmetic_template_predictor.0.bias
2019-10-14 13:55:27,621 - INFO - allennlp.training.trainer_pieces - _arithmetic_template_predictor.3.weight
2019-10-14 13:55:27,621 - INFO - allennlp.training.trainer_pieces - _arithmetic_template_predictor.3.bias
2019-10-14 13:55:27,621 - INFO - allennlp.training.trainer_pieces - _arithmetic_template_slot_predictor.weight
2019-10-14 13:55:27,622 - INFO - allennlp.training.trainer_pieces - _arithmetic_template_slot_predictor.bias
2019-10-14 13:55:27,622 - INFO - allennlp.training.trainer_pieces - _arithmetic_passage_weight_predictor.weight
2019-10-14 13:55:27,622 - INFO - allennlp.training.trainer_pieces - _arithmetic_passage_weight_predictor.bias
2019-10-14 13:55:27,622 - INFO - allennlp.training.trainer_pieces - _arithmetic_question_weight_predictor.weight
2019-10-14 13:55:27,622 - INFO - allennlp.training.trainer_pieces - _arithmetic_question_weight_predictor.bias
2019-10-14 13:55:27,622 - INFO - allennlp.training.trainer_pieces - _count_number_predictor.0.weight
2019-10-14 13:55:27,622 - INFO - allennlp.training.trainer_pieces - _count_number_predictor.0.bias
2019-10-14 13:55:27,622 - INFO - allennlp.training.trainer_pieces - _count_number_predictor.3.weight
2019-10-14 13:55:27,622 - INFO - allennlp.training.trainer_pieces - _count_number_predictor.3.bias
2019-10-14 13:55:27,622 - INFO - allennlp.training.trainer_pieces - _count_passage_weight_predictor.weight
2019-10-14 13:55:27,622 - INFO - allennlp.training.trainer_pieces - _count_passage_weight_predictor.bias
2019-10-14 13:55:27,622 - INFO - allennlp.common.params - trainer.patience = 5
2019-10-14 13:55:27,622 - INFO - allennlp.common.params - trainer.validation_metric = +f1
2019-10-14 13:55:27,622 - INFO - allennlp.common.params - trainer.shuffle = True
2019-10-14 13:55:27,622 - INFO - allennlp.common.params - trainer.num_epochs = 20
2019-10-14 13:55:27,622 - INFO - allennlp.common.params - trainer.cuda_device = 0
2019-10-14 13:55:27,622 - INFO - allennlp.common.params - trainer.grad_norm = None
2019-10-14 13:55:27,622 - INFO - allennlp.common.params - trainer.grad_clipping = None
2019-10-14 13:55:27,622 - INFO - allennlp.common.params - trainer.learning_rate_scheduler = None
2019-10-14 13:55:27,622 - INFO - allennlp.common.params - trainer.momentum_scheduler = None
2019-10-14 13:55:30,429 - INFO - allennlp.common.params - trainer.optimizer.type = bert_adam
2019-10-14 13:55:30,429 - INFO - allennlp.common.params - trainer.optimizer.parameter_groups = None
2019-10-14 13:55:30,429 - INFO - allennlp.training.optimizers - Number of trainable parameters: 114842926
2019-10-14 13:55:30,430 - INFO - allennlp.common.params - trainer.optimizer.infer_type_and_cast = True
2019-10-14 13:55:30,430 - INFO - allennlp.common.params - Converting Params object to dict; logging of default values will not occur when dictionary parameters are used subsequently.
2019-10-14 13:55:30,430 - INFO - allennlp.common.params - CURRENTLY DEFINED PARAMETERS: 
2019-10-14 13:55:30,430 - INFO - allennlp.common.params - trainer.optimizer.lr = 1e-05
2019-10-14 13:55:30,430 - WARNING - pytorch_pretrained_bert.optimization - t_total value of -1 results in schedule not being applied
2019-10-14 13:55:30,430 - INFO - allennlp.common.params - trainer.num_serialized_models_to_keep = 20
2019-10-14 13:55:30,430 - INFO - allennlp.common.params - trainer.keep_serialized_model_every_num_seconds = 3600
2019-10-14 13:55:30,430 - INFO - allennlp.common.params - trainer.model_save_interval = None
2019-10-14 13:55:30,430 - INFO - allennlp.common.params - trainer.summary_interval = 100
2019-10-14 13:55:30,430 - INFO - allennlp.common.params - trainer.histogram_interval = None
2019-10-14 13:55:30,430 - INFO - allennlp.common.params - trainer.should_log_parameter_statistics = True
2019-10-14 13:55:30,430 - INFO - allennlp.common.params - trainer.should_log_learning_rate = False
2019-10-14 13:55:30,430 - INFO - allennlp.common.params - trainer.log_batch_size_period = None
2019-10-14 13:55:30,433 - INFO - allennlp.training.trainer - Beginning training.
2019-10-14 13:55:30,433 - INFO - allennlp.training.trainer - Epoch 0/19
2019-10-14 13:55:30,433 - INFO - allennlp.training.trainer - Peak CPU memory usage MB: 8386.968
2019-10-14 13:55:30,706 - INFO - allennlp.training.trainer - GPU 0 memory usage MB: 1359
2019-10-14 13:55:30,707 - INFO - allennlp.training.trainer - GPU 1 memory usage MB: 11
2019-10-14 13:55:30,712 - INFO - allennlp.training.trainer - Training
2019-10-14 15:11:31,568 - INFO - allennlp.training.trainer - Validating
2019-10-14 15:13:32,396 - INFO - allennlp.training.tensorboard_writer -                     Training |  Validation
2019-10-14 15:13:32,397 - INFO - allennlp.training.tensorboard_writer - em              |     0.366  |     0.546
2019-10-14 15:13:32,397 - INFO - allennlp.training.tensorboard_writer - gpu_0_memory_MB |  1359.000  |       N/A
2019-10-14 15:13:32,397 - INFO - allennlp.training.tensorboard_writer - gpu_1_memory_MB |    11.000  |       N/A
2019-10-14 15:13:32,397 - INFO - allennlp.training.tensorboard_writer - loss            |  349431.754  |  570471.936
2019-10-14 15:13:32,397 - INFO - allennlp.training.tensorboard_writer - cpu_memory_MB   |  8386.968  |       N/A
2019-10-14 15:13:32,397 - INFO - allennlp.training.tensorboard_writer - f1              |     0.414  |     0.587
2019-10-14 15:13:33,265 - INFO - allennlp.training.checkpointer - Best validation performance so far. Copying weights to 'nabert_models/drop//best.th'.
2019-10-14 15:13:33,521 - INFO - allennlp.training.trainer - Epoch duration: 1:18:03.087747
2019-10-14 15:13:33,522 - INFO - allennlp.training.trainer - Estimated training time remaining: 1 day, 0:42:58
2019-10-14 15:13:33,522 - INFO - allennlp.training.trainer - Epoch 1/19
2019-10-14 15:13:33,522 - INFO - allennlp.training.trainer - Peak CPU memory usage MB: 9099.1
2019-10-14 15:13:33,807 - INFO - allennlp.training.trainer - GPU 0 memory usage MB: 9415
2019-10-14 15:13:33,808 - INFO - allennlp.training.trainer - GPU 1 memory usage MB: 11
2019-10-14 15:13:33,813 - INFO - allennlp.training.trainer - Training
2019-10-14 16:29:27,701 - INFO - allennlp.training.trainer - Validating
2019-10-14 16:31:23,036 - INFO - allennlp.training.tensorboard_writer -                     Training |  Validation
2019-10-14 16:31:23,036 - INFO - allennlp.training.tensorboard_writer - em              |     0.489  |     0.587
2019-10-14 16:31:23,037 - INFO - allennlp.training.tensorboard_writer - gpu_0_memory_MB |  9415.000  |       N/A
2019-10-14 16:31:23,037 - INFO - allennlp.training.tensorboard_writer - gpu_1_memory_MB |    11.000  |       N/A
2019-10-14 16:31:23,037 - INFO - allennlp.training.tensorboard_writer - loss            |  349431.057  |  570471.756
2019-10-14 16:31:23,037 - INFO - allennlp.training.tensorboard_writer - cpu_memory_MB   |  9099.100  |       N/A
2019-10-14 16:31:23,037 - INFO - allennlp.training.tensorboard_writer - f1              |     0.538  |     0.626
2019-10-14 16:31:23,886 - INFO - allennlp.training.checkpointer - Best validation performance so far. Copying weights to 'nabert_models/drop//best.th'.
2019-10-14 16:31:25,900 - INFO - allennlp.training.trainer - Epoch duration: 1:17:52.377919
2019-10-14 16:31:25,901 - INFO - allennlp.training.trainer - Estimated training time remaining: 23:23:19
2019-10-14 16:31:25,902 - INFO - allennlp.training.trainer - Epoch 2/19
2019-10-14 16:31:25,902 - INFO - allennlp.training.trainer - Peak CPU memory usage MB: 9101.476
2019-10-14 16:31:26,219 - INFO - allennlp.training.trainer - GPU 0 memory usage MB: 9419
2019-10-14 16:31:26,219 - INFO - allennlp.training.trainer - GPU 1 memory usage MB: 11
2019-10-14 16:31:26,225 - INFO - allennlp.training.trainer - Training
2019-10-14 17:46:56,006 - INFO - allennlp.training.trainer - Validating
2019-10-14 17:48:51,520 - INFO - allennlp.training.tensorboard_writer -                     Training |  Validation
2019-10-14 17:48:51,520 - INFO - allennlp.training.tensorboard_writer - em              |     0.548  |     0.601
2019-10-14 17:48:51,520 - INFO - allennlp.training.tensorboard_writer - gpu_0_memory_MB |  9419.000  |       N/A
2019-10-14 17:48:51,520 - INFO - allennlp.training.tensorboard_writer - gpu_1_memory_MB |    11.000  |       N/A
2019-10-14 17:48:51,520 - INFO - allennlp.training.tensorboard_writer - loss            |  349430.709  |  570471.769
2019-10-14 17:48:51,521 - INFO - allennlp.training.tensorboard_writer - cpu_memory_MB   |  9101.476  |       N/A
2019-10-14 17:48:51,521 - INFO - allennlp.training.tensorboard_writer - f1              |     0.597  |     0.639
2019-10-14 17:48:52,388 - INFO - allennlp.training.checkpointer - Best validation performance so far. Copying weights to 'nabert_models/drop//best.th'.
2019-10-14 17:48:54,320 - INFO - allennlp.training.trainer - Epoch duration: 1:17:28.418473
2019-10-14 17:48:54,321 - INFO - allennlp.training.trainer - Estimated training time remaining: 22:02:35
2019-10-14 17:48:54,321 - INFO - allennlp.training.trainer - Epoch 3/19
2019-10-14 17:48:54,321 - INFO - allennlp.training.trainer - Peak CPU memory usage MB: 9101.836
2019-10-14 17:48:54,639 - INFO - allennlp.training.trainer - GPU 0 memory usage MB: 9419
2019-10-14 17:48:54,639 - INFO - allennlp.training.trainer - GPU 1 memory usage MB: 11
2019-10-14 17:48:54,645 - INFO - allennlp.training.trainer - Training
2019-10-14 19:05:46,858 - INFO - allennlp.training.trainer - Validating
2019-10-14 19:07:41,519 - INFO - allennlp.training.tensorboard_writer -                     Training |  Validation
2019-10-14 19:07:41,519 - INFO - allennlp.training.tensorboard_writer - em              |     0.595  |     0.622
2019-10-14 19:07:41,519 - INFO - allennlp.training.tensorboard_writer - gpu_0_memory_MB |  9419.000  |       N/A
2019-10-14 19:07:41,519 - INFO - allennlp.training.tensorboard_writer - gpu_1_memory_MB |    11.000  |       N/A
2019-10-14 19:07:41,519 - INFO - allennlp.training.tensorboard_writer - loss            |  349430.450  |  570471.904
2019-10-14 19:07:41,519 - INFO - allennlp.training.tensorboard_writer - cpu_memory_MB   |  9101.836  |       N/A
2019-10-14 19:07:41,519 - INFO - allennlp.training.tensorboard_writer - f1              |     0.643  |     0.658
2019-10-14 19:07:42,407 - INFO - allennlp.training.checkpointer - Best validation performance so far. Copying weights to 'nabert_models/drop//best.th'.
2019-10-14 19:07:44,388 - INFO - allennlp.training.trainer - Epoch duration: 1:18:50.067043
2019-10-14 19:07:44,389 - INFO - allennlp.training.trainer - Estimated training time remaining: 20:48:55
2019-10-14 19:07:44,389 - INFO - allennlp.training.trainer - Epoch 4/19
2019-10-14 19:07:44,389 - INFO - allennlp.training.trainer - Peak CPU memory usage MB: 9101.856
2019-10-14 19:07:44,711 - INFO - allennlp.training.trainer - GPU 0 memory usage MB: 9419
2019-10-14 19:07:44,712 - INFO - allennlp.training.trainer - GPU 1 memory usage MB: 11
2019-10-14 19:07:44,717 - INFO - allennlp.training.trainer - Training
2019-10-14 20:24:32,220 - INFO - allennlp.training.trainer - Validating
2019-10-14 20:26:27,885 - INFO - allennlp.training.tensorboard_writer -                     Training |  Validation
2019-10-14 20:26:27,885 - INFO - allennlp.training.tensorboard_writer - em              |     0.631  |     0.624
2019-10-14 20:26:27,886 - INFO - allennlp.training.tensorboard_writer - gpu_0_memory_MB |  9419.000  |       N/A
2019-10-14 20:26:27,886 - INFO - allennlp.training.tensorboard_writer - gpu_1_memory_MB |    11.000  |       N/A
2019-10-14 20:26:27,886 - INFO - allennlp.training.tensorboard_writer - loss            |  349817.783  |  570471.950
2019-10-14 20:26:27,886 - INFO - allennlp.training.tensorboard_writer - cpu_memory_MB   |  9101.856  |       N/A
2019-10-14 20:26:27,887 - INFO - allennlp.training.tensorboard_writer - f1              |     0.679  |     0.658
2019-10-14 20:26:28,726 - INFO - allennlp.training.checkpointer - Best validation performance so far. Copying weights to 'nabert_models/drop//best.th'.
2019-10-14 20:26:30,707 - INFO - allennlp.training.trainer - Epoch duration: 1:18:46.317656
2019-10-14 20:26:30,787 - INFO - allennlp.training.trainer - Estimated training time remaining: 19:33:01
2019-10-14 20:26:30,787 - INFO - allennlp.training.trainer - Epoch 5/19
2019-10-14 20:26:30,787 - INFO - allennlp.training.trainer - Peak CPU memory usage MB: 9101.856
2019-10-14 20:26:31,107 - INFO - allennlp.training.trainer - GPU 0 memory usage MB: 9419
2019-10-14 20:26:31,108 - INFO - allennlp.training.trainer - GPU 1 memory usage MB: 11
2019-10-14 20:26:31,113 - INFO - allennlp.training.trainer - Training
2019-10-14 21:43:54,847 - INFO - allennlp.training.trainer - Validating
2019-10-14 21:45:51,519 - INFO - allennlp.training.tensorboard_writer -                     Training |  Validation
2019-10-14 21:45:51,520 - INFO - allennlp.training.tensorboard_writer - em              |     0.662  |     0.627
2019-10-14 21:45:51,520 - INFO - allennlp.training.tensorboard_writer - gpu_0_memory_MB |  9419.000  |       N/A
2019-10-14 21:45:51,520 - INFO - allennlp.training.tensorboard_writer - gpu_1_memory_MB |    11.000  |       N/A
2019-10-14 21:45:51,520 - INFO - allennlp.training.tensorboard_writer - loss            |  349430.093  |  570472.093
2019-10-14 21:45:51,520 - INFO - allennlp.training.tensorboard_writer - cpu_memory_MB   |  9101.856  |       N/A
2019-10-14 21:45:51,520 - INFO - allennlp.training.tensorboard_writer - f1              |     0.707  |     0.662
2019-10-14 21:45:52,374 - INFO - allennlp.training.checkpointer - Best validation performance so far. Copying weights to 'nabert_models/drop//best.th'.
2019-10-14 21:45:54,284 - INFO - allennlp.training.trainer - Epoch duration: 1:19:23.496729
2019-10-14 21:45:54,284 - INFO - allennlp.training.trainer - Estimated training time remaining: 18:17:35
2019-10-14 21:45:54,284 - INFO - allennlp.training.trainer - Epoch 6/19
2019-10-14 21:45:54,285 - INFO - allennlp.training.trainer - Peak CPU memory usage MB: 9102.008
2019-10-14 21:45:54,594 - INFO - allennlp.training.trainer - GPU 0 memory usage MB: 9419
2019-10-14 21:45:54,595 - INFO - allennlp.training.trainer - GPU 1 memory usage MB: 11
2019-10-14 21:45:54,601 - INFO - allennlp.training.trainer - Training
2019-10-14 23:02:35,593 - INFO - allennlp.training.trainer - Validating
2019-10-14 23:04:31,163 - INFO - allennlp.training.tensorboard_writer -                     Training |  Validation
2019-10-14 23:04:31,163 - INFO - allennlp.training.tensorboard_writer - em              |     0.686  |     0.629
2019-10-14 23:04:31,164 - INFO - allennlp.training.tensorboard_writer - gpu_0_memory_MB |  9419.000  |       N/A
2019-10-14 23:04:31,164 - INFO - allennlp.training.tensorboard_writer - gpu_1_memory_MB |    11.000  |       N/A
2019-10-14 23:04:31,164 - INFO - allennlp.training.tensorboard_writer - loss            |  349429.963  |  570472.351
2019-10-14 23:04:31,164 - INFO - allennlp.training.tensorboard_writer - cpu_memory_MB   |  9102.008  |       N/A
2019-10-14 23:04:31,164 - INFO - allennlp.training.tensorboard_writer - f1              |     0.730  |     0.665
2019-10-14 23:04:32,010 - INFO - allennlp.training.checkpointer - Best validation performance so far. Copying weights to 'nabert_models/drop//best.th'.
2019-10-14 23:04:34,037 - INFO - allennlp.training.trainer - Epoch duration: 1:18:39.752455
2019-10-14 23:04:34,038 - INFO - allennlp.training.trainer - Estimated training time remaining: 16:59:40
2019-10-14 23:04:34,038 - INFO - allennlp.training.trainer - Epoch 7/19
2019-10-14 23:04:34,038 - INFO - allennlp.training.trainer - Peak CPU memory usage MB: 9102.12
2019-10-14 23:04:34,359 - INFO - allennlp.training.trainer - GPU 0 memory usage MB: 9419
2019-10-14 23:04:34,360 - INFO - allennlp.training.trainer - GPU 1 memory usage MB: 11
2019-10-14 23:04:34,365 - INFO - allennlp.training.trainer - Training
2019-10-15 00:21:22,501 - INFO - allennlp.training.trainer - Validating
2019-10-15 00:23:18,222 - INFO - allennlp.training.tensorboard_writer -                     Training |  Validation
2019-10-15 00:23:18,223 - INFO - allennlp.training.tensorboard_writer - em              |     0.706  |     0.632
2019-10-15 00:23:18,223 - INFO - allennlp.training.tensorboard_writer - gpu_0_memory_MB |  9419.000  |       N/A
2019-10-15 00:23:18,223 - INFO - allennlp.training.tensorboard_writer - gpu_1_memory_MB |    11.000  |       N/A
2019-10-15 00:23:18,223 - INFO - allennlp.training.tensorboard_writer - loss            |  349429.864  |  570472.378
2019-10-15 00:23:18,223 - INFO - allennlp.training.tensorboard_writer - cpu_memory_MB   |  9102.120  |       N/A
2019-10-15 00:23:18,224 - INFO - allennlp.training.tensorboard_writer - f1              |     0.748  |     0.666
2019-10-15 00:23:19,068 - INFO - allennlp.training.checkpointer - Best validation performance so far. Copying weights to 'nabert_models/drop//best.th'.
2019-10-15 00:23:21,186 - INFO - allennlp.training.trainer - Epoch duration: 1:18:47.147977
2019-10-15 00:23:21,187 - INFO - allennlp.training.trainer - Estimated training time remaining: 15:41:46
2019-10-15 00:23:21,187 - INFO - allennlp.training.trainer - Epoch 8/19
2019-10-15 00:23:21,187 - INFO - allennlp.training.trainer - Peak CPU memory usage MB: 9102.12
2019-10-15 00:23:21,509 - INFO - allennlp.training.trainer - GPU 0 memory usage MB: 9419
2019-10-15 00:23:21,510 - INFO - allennlp.training.trainer - GPU 1 memory usage MB: 11
2019-10-15 00:23:21,515 - INFO - allennlp.training.trainer - Training
2019-10-15 01:40:36,795 - INFO - allennlp.training.trainer - Validating
2019-10-15 01:42:33,087 - INFO - allennlp.training.tensorboard_writer -                     Training |  Validation
2019-10-15 01:42:33,087 - INFO - allennlp.training.tensorboard_writer - em              |     0.722  |     0.631
2019-10-15 01:42:33,088 - INFO - allennlp.training.tensorboard_writer - gpu_0_memory_MB |  9419.000  |       N/A
2019-10-15 01:42:33,088 - INFO - allennlp.training.tensorboard_writer - gpu_1_memory_MB |    11.000  |       N/A
2019-10-15 01:42:33,088 - INFO - allennlp.training.tensorboard_writer - loss            |  349429.781  |  570472.588
2019-10-15 01:42:33,088 - INFO - allennlp.training.tensorboard_writer - cpu_memory_MB   |  9102.120  |       N/A
2019-10-15 01:42:33,088 - INFO - allennlp.training.tensorboard_writer - f1              |     0.762  |     0.667
2019-10-15 01:42:33,940 - INFO - allennlp.training.checkpointer - Best validation performance so far. Copying weights to 'nabert_models/drop//best.th'.
2019-10-15 01:42:35,883 - INFO - allennlp.training.trainer - Epoch duration: 1:19:14.696509
2019-10-15 01:42:35,884 - INFO - allennlp.training.trainer - Estimated training time remaining: 14:24:13
2019-10-15 01:42:35,884 - INFO - allennlp.training.trainer - Epoch 9/19
2019-10-15 01:42:35,884 - INFO - allennlp.training.trainer - Peak CPU memory usage MB: 9102.12
2019-10-15 01:42:36,199 - INFO - allennlp.training.trainer - GPU 0 memory usage MB: 9419
2019-10-15 01:42:36,200 - INFO - allennlp.training.trainer - GPU 1 memory usage MB: 11
2019-10-15 01:42:36,205 - INFO - allennlp.training.trainer - Training
2019-10-15 02:59:00,232 - INFO - allennlp.training.trainer - Validating
2019-10-15 03:00:56,429 - INFO - allennlp.training.tensorboard_writer -                     Training |  Validation
2019-10-15 03:00:56,429 - INFO - allennlp.training.tensorboard_writer - em              |     0.736  |     0.635
2019-10-15 03:00:56,430 - INFO - allennlp.training.tensorboard_writer - gpu_0_memory_MB |  9419.000  |       N/A
2019-10-15 03:00:56,430 - INFO - allennlp.training.tensorboard_writer - gpu_1_memory_MB |    11.000  |       N/A
2019-10-15 03:00:56,430 - INFO - allennlp.training.tensorboard_writer - loss            |  349429.708  |  570472.608
2019-10-15 03:00:56,431 - INFO - allennlp.training.tensorboard_writer - cpu_memory_MB   |  9102.120  |       N/A
2019-10-15 03:00:56,431 - INFO - allennlp.training.tensorboard_writer - f1              |     0.776  |     0.669
2019-10-15 03:00:57,291 - INFO - allennlp.training.checkpointer - Best validation performance so far. Copying weights to 'nabert_models/drop//best.th'.
2019-10-15 03:00:59,377 - INFO - allennlp.training.trainer - Epoch duration: 1:18:23.493296
2019-10-15 03:00:59,378 - INFO - allennlp.training.trainer - Estimated training time remaining: 13:05:28
2019-10-15 03:00:59,378 - INFO - allennlp.training.trainer - Epoch 10/19
2019-10-15 03:00:59,378 - INFO - allennlp.training.trainer - Peak CPU memory usage MB: 9102.12
2019-10-15 03:00:59,687 - INFO - allennlp.training.trainer - GPU 0 memory usage MB: 9419
2019-10-15 03:00:59,688 - INFO - allennlp.training.trainer - GPU 1 memory usage MB: 11
2019-10-15 03:00:59,693 - INFO - allennlp.training.trainer - Training
2019-10-15 04:18:01,786 - INFO - allennlp.training.trainer - Validating
2019-10-15 04:19:57,784 - INFO - allennlp.training.tensorboard_writer -                     Training |  Validation
2019-10-15 04:19:57,785 - INFO - allennlp.training.tensorboard_writer - em              |     0.749  |     0.629
2019-10-15 04:19:57,785 - INFO - allennlp.training.tensorboard_writer - gpu_0_memory_MB |  9419.000  |       N/A
2019-10-15 04:19:57,785 - INFO - allennlp.training.tensorboard_writer - gpu_1_memory_MB |    11.000  |       N/A
2019-10-15 04:19:57,785 - INFO - allennlp.training.tensorboard_writer - loss            |  349429.639  |  570472.881
2019-10-15 04:19:57,786 - INFO - allennlp.training.tensorboard_writer - cpu_memory_MB   |  9102.120  |       N/A
2019-10-15 04:19:57,786 - INFO - allennlp.training.tensorboard_writer - f1              |     0.788  |     0.665
2019-10-15 04:19:58,633 - INFO - allennlp.training.trainer - Epoch duration: 1:18:59.254595
2019-10-15 04:19:58,633 - INFO - allennlp.training.trainer - Estimated training time remaining: 11:47:17
2019-10-15 04:19:58,633 - INFO - allennlp.training.trainer - Epoch 11/19
2019-10-15 04:19:58,633 - INFO - allennlp.training.trainer - Peak CPU memory usage MB: 9102.12
2019-10-15 04:19:58,924 - INFO - allennlp.training.trainer - GPU 0 memory usage MB: 9419
2019-10-15 04:19:58,924 - INFO - allennlp.training.trainer - GPU 1 memory usage MB: 11
2019-10-15 04:19:58,929 - INFO - allennlp.training.trainer - Training
2019-10-15 05:36:39,835 - INFO - allennlp.training.trainer - Validating
2019-10-15 05:38:35,091 - INFO - allennlp.training.tensorboard_writer -                     Training |  Validation
2019-10-15 05:38:35,091 - INFO - allennlp.training.tensorboard_writer - em              |     0.761  |     0.623
2019-10-15 05:38:35,091 - INFO - allennlp.training.tensorboard_writer - gpu_0_memory_MB |  9419.000  |       N/A
2019-10-15 05:38:35,091 - INFO - allennlp.training.tensorboard_writer - gpu_1_memory_MB |    11.000  |       N/A
2019-10-15 05:38:35,091 - INFO - allennlp.training.tensorboard_writer - loss            |  349429.581  |  570473.069
2019-10-15 05:38:35,092 - INFO - allennlp.training.tensorboard_writer - cpu_memory_MB   |  9102.120  |       N/A
2019-10-15 05:38:35,092 - INFO - allennlp.training.tensorboard_writer - f1              |     0.799  |     0.659
2019-10-15 05:38:35,919 - INFO - allennlp.training.trainer - Epoch duration: 1:18:37.285972
2019-10-15 05:38:35,919 - INFO - allennlp.training.trainer - Estimated training time remaining: 10:28:43
2019-10-15 05:38:35,919 - INFO - allennlp.training.trainer - Epoch 12/19
2019-10-15 05:38:35,920 - INFO - allennlp.training.trainer - Peak CPU memory usage MB: 9102.12
2019-10-15 05:38:36,206 - INFO - allennlp.training.trainer - GPU 0 memory usage MB: 9419
2019-10-15 05:38:36,207 - INFO - allennlp.training.trainer - GPU 1 memory usage MB: 11
2019-10-15 05:38:36,212 - INFO - allennlp.training.trainer - Training
2019-10-15 06:55:53,927 - INFO - allennlp.training.trainer - Validating
2019-10-15 06:57:49,676 - INFO - allennlp.training.tensorboard_writer -                     Training |  Validation
2019-10-15 06:57:49,676 - INFO - allennlp.training.tensorboard_writer - em              |     0.771  |     0.627
2019-10-15 06:57:49,676 - INFO - allennlp.training.tensorboard_writer - gpu_0_memory_MB |  9419.000  |       N/A
2019-10-15 06:57:49,676 - INFO - allennlp.training.tensorboard_writer - gpu_1_memory_MB |    11.000  |       N/A
2019-10-15 06:57:49,676 - INFO - allennlp.training.tensorboard_writer - loss            |  349429.541  |  570473.220
2019-10-15 06:57:49,676 - INFO - allennlp.training.tensorboard_writer - cpu_memory_MB   |  9102.120  |       N/A
2019-10-15 06:57:49,676 - INFO - allennlp.training.tensorboard_writer - f1              |     0.808  |     0.663
2019-10-15 06:57:50,528 - INFO - allennlp.training.trainer - Epoch duration: 1:19:14.608803
2019-10-15 06:57:50,529 - INFO - allennlp.training.trainer - Estimated training time remaining: 9:10:29
2019-10-15 06:57:50,529 - INFO - allennlp.training.trainer - Epoch 13/19
2019-10-15 06:57:50,529 - INFO - allennlp.training.trainer - Peak CPU memory usage MB: 9102.12
2019-10-15 06:57:50,819 - INFO - allennlp.training.trainer - GPU 0 memory usage MB: 9419
2019-10-15 06:57:50,819 - INFO - allennlp.training.trainer - GPU 1 memory usage MB: 11
2019-10-15 06:57:50,824 - INFO - allennlp.training.trainer - Training
2019-10-15 08:14:49,689 - INFO - allennlp.training.trainer - Validating
2019-10-15 08:16:44,319 - INFO - allennlp.training.tensorboard_writer -                     Training |  Validation
2019-10-15 08:16:44,319 - INFO - allennlp.training.tensorboard_writer - em              |     0.781  |     0.634
2019-10-15 08:16:44,319 - INFO - allennlp.training.tensorboard_writer - gpu_0_memory_MB |  9419.000  |       N/A
2019-10-15 08:16:44,319 - INFO - allennlp.training.tensorboard_writer - gpu_1_memory_MB |    11.000  |       N/A
2019-10-15 08:16:44,319 - INFO - allennlp.training.tensorboard_writer - loss            |  349429.490  |  570473.401
2019-10-15 08:16:44,320 - INFO - allennlp.training.tensorboard_writer - cpu_memory_MB   |  9102.120  |       N/A
2019-10-15 08:16:44,320 - INFO - allennlp.training.tensorboard_writer - f1              |     0.818  |     0.669
2019-10-15 08:16:45,156 - INFO - allennlp.training.checkpointer - Best validation performance so far. Copying weights to 'nabert_models/drop//best.th'.
2019-10-15 08:16:47,152 - INFO - allennlp.training.trainer - Epoch duration: 1:18:56.623683
2019-10-15 08:16:47,153 - INFO - allennlp.training.trainer - Estimated training time remaining: 7:51:58
2019-10-15 08:16:47,154 - INFO - allennlp.training.trainer - Epoch 14/19
2019-10-15 08:16:47,154 - INFO - allennlp.training.trainer - Peak CPU memory usage MB: 9102.14
2019-10-15 08:16:47,474 - INFO - allennlp.training.trainer - GPU 0 memory usage MB: 9419
2019-10-15 08:16:47,474 - INFO - allennlp.training.trainer - GPU 1 memory usage MB: 11
2019-10-15 08:16:47,480 - INFO - allennlp.training.trainer - Training
2019-10-15 09:32:13,241 - INFO - allennlp.training.trainer - Validating
2019-10-15 09:34:09,333 - INFO - allennlp.training.tensorboard_writer -                     Training |  Validation
2019-10-15 09:34:09,333 - INFO - allennlp.training.tensorboard_writer - em              |     0.790  |     0.636
2019-10-15 09:34:09,334 - INFO - allennlp.training.tensorboard_writer - gpu_0_memory_MB |  9419.000  |       N/A
2019-10-15 09:34:09,334 - INFO - allennlp.training.tensorboard_writer - gpu_1_memory_MB |    11.000  |       N/A
2019-10-15 09:34:09,334 - INFO - allennlp.training.tensorboard_writer - loss            |  349429.447  |  570473.383
2019-10-15 09:34:09,334 - INFO - allennlp.training.tensorboard_writer - cpu_memory_MB   |  9102.140  |       N/A
2019-10-15 09:34:09,334 - INFO - allennlp.training.tensorboard_writer - f1              |     0.826  |     0.670
2019-10-15 09:34:10,182 - INFO - allennlp.training.checkpointer - Best validation performance so far. Copying weights to 'nabert_models/drop//best.th'.
2019-10-15 09:34:12,182 - INFO - allennlp.training.trainer - Epoch duration: 1:17:25.027900
2019-10-15 09:34:12,182 - INFO - allennlp.training.trainer - Estimated training time remaining: 6:32:53
2019-10-15 09:34:12,182 - INFO - allennlp.training.trainer - Epoch 15/19
2019-10-15 09:34:12,183 - INFO - allennlp.training.trainer - Peak CPU memory usage MB: 9102.14
2019-10-15 09:34:12,504 - INFO - allennlp.training.trainer - GPU 0 memory usage MB: 9419
2019-10-15 09:34:12,505 - INFO - allennlp.training.trainer - GPU 1 memory usage MB: 11
2019-10-15 09:34:12,614 - INFO - allennlp.training.trainer - Training
2019-10-15 10:50:58,698 - INFO - allennlp.training.trainer - Validating
2019-10-15 10:52:54,032 - INFO - allennlp.training.tensorboard_writer -                     Training |  Validation
2019-10-15 10:52:54,033 - INFO - allennlp.training.tensorboard_writer - em              |     0.796  |     0.627
2019-10-15 10:52:54,033 - INFO - allennlp.training.tensorboard_writer - gpu_0_memory_MB |  9419.000  |       N/A
2019-10-15 10:52:54,033 - INFO - allennlp.training.tensorboard_writer - gpu_1_memory_MB |    11.000  |       N/A
2019-10-15 10:52:54,033 - INFO - allennlp.training.tensorboard_writer - loss            |  349429.409  |  570473.636
2019-10-15 10:52:54,034 - INFO - allennlp.training.tensorboard_writer - cpu_memory_MB   |  9102.140  |       N/A
2019-10-15 10:52:54,034 - INFO - allennlp.training.tensorboard_writer - f1              |     0.832  |     0.662
2019-10-15 10:52:54,874 - INFO - allennlp.training.trainer - Epoch duration: 1:18:42.691159
2019-10-15 10:52:54,874 - INFO - allennlp.training.trainer - Estimated training time remaining: 5:14:21
2019-10-15 10:52:54,874 - INFO - allennlp.training.trainer - Epoch 16/19
2019-10-15 10:52:54,874 - INFO - allennlp.training.trainer - Peak CPU memory usage MB: 9102.14
2019-10-15 10:52:55,157 - INFO - allennlp.training.trainer - GPU 0 memory usage MB: 9419
2019-10-15 10:52:55,158 - INFO - allennlp.training.trainer - GPU 1 memory usage MB: 11
2019-10-15 10:52:55,163 - INFO - allennlp.training.trainer - Training
2019-10-15 12:10:03,482 - INFO - allennlp.training.trainer - Validating
2019-10-15 12:12:00,924 - INFO - allennlp.training.tensorboard_writer -                     Training |  Validation
2019-10-15 12:12:00,924 - INFO - allennlp.training.tensorboard_writer - em              |     0.803  |     0.630
2019-10-15 12:12:00,925 - INFO - allennlp.training.tensorboard_writer - gpu_0_memory_MB |  9419.000  |       N/A
2019-10-15 12:12:00,925 - INFO - allennlp.training.tensorboard_writer - gpu_1_memory_MB |    11.000  |       N/A
2019-10-15 12:12:00,925 - INFO - allennlp.training.tensorboard_writer - loss            |  349429.380  |  570473.552
2019-10-15 12:12:00,925 - INFO - allennlp.training.tensorboard_writer - cpu_memory_MB   |  9102.140  |       N/A
2019-10-15 12:12:00,925 - INFO - allennlp.training.tensorboard_writer - f1              |     0.838  |     0.665
2019-10-15 12:12:01,787 - INFO - allennlp.training.trainer - Epoch duration: 1:19:06.912973
2019-10-15 12:12:01,787 - INFO - allennlp.training.trainer - Estimated training time remaining: 3:55:51
2019-10-15 12:12:01,787 - INFO - allennlp.training.trainer - Epoch 17/19
2019-10-15 12:12:01,787 - INFO - allennlp.training.trainer - Peak CPU memory usage MB: 9102.14
2019-10-15 12:12:02,072 - INFO - allennlp.training.trainer - GPU 0 memory usage MB: 9419
2019-10-15 12:12:02,072 - INFO - allennlp.training.trainer - GPU 1 memory usage MB: 11
2019-10-15 12:12:02,075 - INFO - allennlp.training.trainer - Training
2019-10-15 13:29:43,259 - INFO - allennlp.training.trainer - Validating
2019-10-15 13:31:40,225 - INFO - allennlp.training.tensorboard_writer -                     Training |  Validation
2019-10-15 13:31:40,225 - INFO - allennlp.training.tensorboard_writer - em              |     0.810  |     0.633
2019-10-15 13:31:40,225 - INFO - allennlp.training.tensorboard_writer - gpu_0_memory_MB |  9419.000  |       N/A
2019-10-15 13:31:40,225 - INFO - allennlp.training.tensorboard_writer - gpu_1_memory_MB |    11.000  |       N/A
2019-10-15 13:31:40,225 - INFO - allennlp.training.tensorboard_writer - loss            |  349429.349  |  570473.529
2019-10-15 13:31:40,226 - INFO - allennlp.training.tensorboard_writer - cpu_memory_MB   |  9102.140  |       N/A
2019-10-15 13:31:40,226 - INFO - allennlp.training.tensorboard_writer - f1              |     0.845  |     0.669
2019-10-15 13:31:41,110 - INFO - allennlp.training.trainer - Epoch duration: 1:19:39.322711
2019-10-15 13:31:41,110 - INFO - allennlp.training.trainer - Estimated training time remaining: 2:37:21
2019-10-15 13:31:41,110 - INFO - allennlp.training.trainer - Epoch 18/19
2019-10-15 13:31:41,110 - INFO - allennlp.training.trainer - Peak CPU memory usage MB: 9102.14
2019-10-15 13:31:41,393 - INFO - allennlp.training.trainer - GPU 0 memory usage MB: 9419
2019-10-15 13:31:41,393 - INFO - allennlp.training.trainer - GPU 1 memory usage MB: 1164
2019-10-15 13:31:41,398 - INFO - allennlp.training.trainer - Training
2019-10-15 14:49:40,064 - INFO - allennlp.training.trainer - Validating
2019-10-15 14:51:35,542 - INFO - allennlp.training.tensorboard_writer -                     Training |  Validation
2019-10-15 14:51:35,542 - INFO - allennlp.training.tensorboard_writer - em              |     0.816  |     0.630
2019-10-15 14:51:35,542 - INFO - allennlp.training.tensorboard_writer - gpu_0_memory_MB |  9419.000  |       N/A
2019-10-15 14:51:35,542 - INFO - allennlp.training.tensorboard_writer - gpu_1_memory_MB |  1164.000  |       N/A
2019-10-15 14:51:35,542 - INFO - allennlp.training.tensorboard_writer - loss            |  349429.314  |  570473.554
2019-10-15 14:51:35,542 - INFO - allennlp.training.tensorboard_writer - cpu_memory_MB   |  9102.140  |       N/A
2019-10-15 14:51:35,542 - INFO - allennlp.training.tensorboard_writer - f1              |     0.850  |     0.664
2019-10-15 14:51:36,471 - INFO - allennlp.training.trainer - Epoch duration: 1:19:55.360536
2019-10-15 14:51:36,471 - INFO - allennlp.training.trainer - Estimated training time remaining: 1:18:44
2019-10-15 14:51:36,471 - INFO - allennlp.training.trainer - Epoch 19/19
2019-10-15 14:51:36,471 - INFO - allennlp.training.trainer - Peak CPU memory usage MB: 9102.26
2019-10-15 14:51:36,794 - INFO - allennlp.training.trainer - GPU 0 memory usage MB: 9419
2019-10-15 14:51:36,795 - INFO - allennlp.training.trainer - GPU 1 memory usage MB: 11
2019-10-15 14:51:36,801 - INFO - allennlp.training.trainer - Training
2019-10-15 16:08:11,224 - INFO - allennlp.training.trainer - Validating
2019-10-15 16:10:06,404 - INFO - allennlp.training.trainer - Ran out of patience.  Stopping training.
2019-10-15 16:10:06,405 - INFO - allennlp.training.checkpointer - loading best weights
